#
# A fatal error has been detected by the Java Runtime Environment:
#
#  EXCEPTION_ACCESS_VIOLATION (0xc0000005) at pc=0x00007ff9f6f49f50, pid=24436, tid=480
#
# JRE version: OpenJDK Runtime Environment Temurin-17.0.3+7 (17.0.3+7) (build 17.0.3+7)
# Java VM: OpenJDK 64-Bit Server VM Temurin-17.0.3+7 (17.0.3+7, mixed mode, emulated-client, sharing, tiered, compressed oops, compressed class ptrs, g1 gc, windows-amd64)
# Problematic frame:
# V  [jvm.dll+0x539f50]
#
# No core dump will be written. Minidumps are not enabled by default on client versions of Windows
#
# If you would like to submit a bug report, please visit:
#   https://github.com/adoptium/adoptium-support/issues
#

---------------  S U M M A R Y ------------

Command Line: -agentlib:jdwp=transport=dt_socket,address=127.0.0.1:54828,suspend=y,server=n -XX:TieredStopAtLevel=1 -Xverify:none -Dspring.output.ansi.enabled=always -Dcom.sun.management.jmxremote -Dspring.jmx.enabled=true -Dspring.liveBeansView.mbeanDomain -Dspring.application.admin.enabled=true -javaagent:C:\Users\shirl\AppData\Local\JetBrains\IntelliJIdea2022.1\captureAgent\debugger-agent.jar -Dfile.encoding=UTF-8 com.openclassroom.chatop.ChatopApplication

Host: Intel(R) Core(TM) i7-9700K CPU @ 3.60GHz, 8 cores, 31G,  Windows 10 , 64 bit Build 19041 (10.0.19041.5198)
Time: Thu Feb  6 23:19:08 2025 Paris, Madrid elapsed time: 5.225382 seconds (0d 0h 0m 5s)

---------------  T H R E A D  ---------------

Current thread (0x0000021e98aa4750):  JavaThread "main" [_thread_in_vm, id=480, stack(0x00000080a2700000,0x00000080a2800000)]

Stack: [0x00000080a2700000,0x00000080a2800000],  sp=0x00000080a27f7448,  free space=989k
Native frames: (J=compiled Java code, j=interpreted, Vv=VM code, C=native code)
V  [jvm.dll+0x539f50]

Java frames: (J=compiled Java code, j=interpreted, Vv=VM code)
v  ~RuntimeStub::throw_class_cast_exception Runtime1 stub
J 2400 c1 sun.util.locale.BaseLocale.getInstance(Ljava/lang/String;Ljava/lang/String;Ljava/lang/String;Ljava/lang/String;)Lsun/util/locale/BaseLocale; java.base@17.0.3 (149 bytes) @ 0x0000021ea237647a [0x0000021ea2376120+0x000000000000035a]
J 2439 c1 sun.util.locale.InternalLocaleBuilder.getBaseLocale()Lsun/util/locale/BaseLocale; java.base@17.0.3 (187 bytes) @ 0x0000021ea241a774 [0x0000021ea241a200+0x0000000000000574]
J 2416 c1 java.util.Locale.forLanguageTag(Ljava/lang/String;)Ljava/util/Locale; java.base@17.0.3 (74 bytes) @ 0x0000021ea240db34 [0x0000021ea240d980+0x00000000000001b4]
j  sun.util.locale.provider.LocaleProviderAdapter.toLocaleArray(Ljava/util/Set;)[Ljava/util/Locale;+175 java.base@17.0.3
j  sun.util.locale.provider.CalendarDataProviderImpl.getAvailableLocales()[Ljava/util/Locale;+4 java.base@17.0.3
j  java.util.spi.LocaleServiceProvider.isSupportedLocale(Ljava/util/Locale;)Z+6 java.base@17.0.3
j  sun.util.locale.provider.LocaleServiceProviderPool.findProviders(Ljava/util/Locale;Z)Ljava/util/List;+81 java.base@17.0.3
j  sun.util.locale.provider.LocaleServiceProviderPool.getLocalizedObjectImpl(Lsun/util/locale/provider/LocaleServiceProviderPool$LocalizedObjectGetter;Ljava/util/Locale;ZLjava/lang/String;[Ljava/lang/Object;)Ljava/lang/Object;+53 java.base@17.0.3
j  sun.util.locale.provider.LocaleServiceProviderPool.getLocalizedObject(Lsun/util/locale/provider/LocaleServiceProviderPool$LocalizedObjectGetter;Ljava/util/Locale;Ljava/lang/Boolean;Ljava/lang/String;[Ljava/lang/Object;)Ljava/lang/Object;+11 java.base@17.0.3
j  sun.util.locale.provider.CalendarDataUtility.retrieveFirstDayOfWeek(Ljava/util/Locale;)I+280 java.base@17.0.3
j  java.util.Calendar.setWeekCountData(Ljava/util/Locale;)V+24 java.base@17.0.3
j  java.util.Calendar.<init>(Ljava/util/TimeZone;Ljava/util/Locale;)V+55 java.base@17.0.3
j  java.util.GregorianCalendar.<init>(Ljava/util/TimeZone;Ljava/util/Locale;Z)V+3 java.base@17.0.3
j  java.util.Calendar$Builder.build()Ljava/util/Calendar;+249 java.base@17.0.3
j  sun.util.locale.provider.CalendarProviderImpl.getInstance(Ljava/util/TimeZone;Ljava/util/Locale;)Ljava/util/Calendar;+21 java.base@17.0.3
j  java.util.Calendar.createCalendar(Ljava/util/TimeZone;Ljava/util/Locale;)Ljava/util/Calendar;+17 java.base@17.0.3
j  java.util.Calendar.getInstance(Ljava/util/TimeZone;)Ljava/util/Calendar;+7 java.base@17.0.3
j  org.hibernate.type.descriptor.jdbc.TimestampUtcAsJdbcTimestampJdbcType.<clinit>()V+15
v  ~StubRoutines::call_stub
j  org.hibernate.dialect.Dialect.contributeTypes(Lorg/hibernate/boot/model/TypeContributions;Lorg/hibernate/service/ServiceRegistry;)V+110
j  org.hibernate.dialect.MySQLDialect.contributeTypes(Lorg/hibernate/boot/model/TypeContributions;Lorg/hibernate/service/ServiceRegistry;)V+3
j  org.hibernate.dialect.Dialect.contribute(Lorg/hibernate/boot/model/TypeContributions;Lorg/hibernate/service/ServiceRegistry;)V+3
j  org.hibernate.boot.model.process.spi.MetadataBuildingProcess.handleTypes(Lorg/hibernate/boot/spi/BootstrapContext;Lorg/hibernate/boot/spi/MetadataBuildingOptions;Lorg/hibernate/boot/spi/InFlightMetadataCollector;)V+183
j  org.hibernate.boot.model.process.spi.MetadataBuildingProcess.complete(Lorg/hibernate/boot/model/process/spi/ManagedResources;Lorg/hibernate/boot/spi/BootstrapContext;Lorg/hibernate/boot/spi/MetadataBuildingOptions;)Lorg/hibernate/boot/spi/MetadataImplementor;+13
j  org.hibernate.jpa.boot.internal.EntityManagerFactoryBuilderImpl.metadata()Lorg/hibernate/boot/spi/MetadataImplementor;+30
j  org.hibernate.jpa.boot.internal.EntityManagerFactoryBuilderImpl.build()Ljakarta/persistence/EntityManagerFactory;+3
j  org.springframework.orm.jpa.vendor.SpringHibernateJpaPersistenceProvider.createContainerEntityManagerFactory(Ljakarta/persistence/spi/PersistenceUnitInfo;Ljava/util/Map;)Ljakarta/persistence/EntityManagerFactory;+59
j  org.springframework.orm.jpa.LocalContainerEntityManagerFactoryBean.createNativeEntityManagerFactory()Ljakarta/persistence/EntityManagerFactory;+111
j  org.springframework.orm.jpa.AbstractEntityManagerFactoryBean.buildNativeEntityManagerFactory()Ljakarta/persistence/EntityManagerFactory;+1
j  org.springframework.orm.jpa.AbstractEntityManagerFactoryBean.afterPropertiesSet()V+192
j  org.springframework.orm.jpa.LocalContainerEntityManagerFactoryBean.afterPropertiesSet()V+84
j  org.springframework.beans.factory.support.AbstractAutowireCapableBeanFactory.invokeInitMethods(Ljava/lang/String;Ljava/lang/Object;Lorg/springframework/beans/factory/support/RootBeanDefinition;)V+56
j  org.springframework.beans.factory.support.AbstractAutowireCapableBeanFactory.initializeBean(Ljava/lang/String;Ljava/lang/Object;Lorg/springframework/beans/factory/support/RootBeanDefinition;)Ljava/lang/Object;+34
j  org.springframework.beans.factory.support.AbstractAutowireCapableBeanFactory.doCreateBean(Ljava/lang/String;Lorg/springframework/beans/factory/support/RootBeanDefinition;[Ljava/lang/Object;)Ljava/lang/Object;+228
j  org.springframework.beans.factory.support.AbstractAutowireCapableBeanFactory.createBean(Ljava/lang/String;Lorg/springframework/beans/factory/support/RootBeanDefinition;[Ljava/lang/Object;)Ljava/lang/Object;+153
j  org.springframework.beans.factory.support.AbstractBeanFactory.lambda$doGetBean$0(Ljava/lang/String;Lorg/springframework/beans/factory/support/RootBeanDefinition;[Ljava/lang/Object;)Ljava/lang/Object;+4
j  org.springframework.beans.factory.support.AbstractBeanFactory$$Lambda$332+0x0000000800df75a8.getObject()Ljava/lang/Object;+16
j  org.springframework.beans.factory.support.DefaultSingletonBeanRegistry.getSingleton(Ljava/lang/String;Lorg/springframework/beans/factory/ObjectFactory;)Ljava/lang/Object;+114
J 3292 c1 org.springframework.beans.factory.support.AbstractBeanFactory.doGetBean(Ljava/lang/String;Ljava/lang/Class;[Ljava/lang/Object;Z)Ljava/lang/Object; (740 bytes) @ 0x0000021ea25941cc [0x0000021ea2593bc0+0x000000000000060c]
j  org.springframework.beans.factory.support.AbstractBeanFactory.getBean(Ljava/lang/String;)Ljava/lang/Object;+5
j  org.springframework.beans.factory.support.BeanDefinitionValueResolver.resolveReference(Ljava/lang/Object;Lorg/springframework/beans/factory/config/RuntimeBeanReference;)Ljava/lang/Object;+145
j  org.springframework.beans.factory.support.BeanDefinitionValueResolver.resolveValueIfNecessary(Ljava/lang/Object;Ljava/lang/Object;)Ljava/lang/Object;+15
j  org.springframework.beans.factory.support.ConstructorResolver.resolveConstructorArguments(Ljava/lang/String;Lorg/springframework/beans/factory/support/RootBeanDefinition;Lorg/springframework/beans/BeanWrapper;Lorg/springframework/beans/factory/config/ConstructorArgumentValues;Lorg/springframework/beans/factory/config/ConstructorArgumentValues;)I+182
j  org.springframework.beans.factory.support.ConstructorResolver.instantiateUsingFactoryMethod(Ljava/lang/String;Lorg/springframework/beans/factory/support/RootBeanDefinition;[Ljava/lang/Object;)Lorg/springframework/beans/BeanWrapper;+588
j  org.springframework.beans.factory.support.AbstractAutowireCapableBeanFactory.instantiateUsingFactoryMethod(Ljava/lang/String;Lorg/springframework/beans/factory/support/RootBeanDefinition;[Ljava/lang/Object;)Lorg/springframework/beans/BeanWrapper;+11
j  org.springframework.beans.factory.support.AbstractAutowireCapableBeanFactory.createBeanInstance(Ljava/lang/String;Lorg/springframework/beans/factory/support/RootBeanDefinition;[Ljava/lang/Object;)Lorg/springframework/beans/BeanWrapper;+89
j  org.springframework.beans.factory.support.AbstractAutowireCapableBeanFactory.doCreateBean(Ljava/lang/String;Lorg/springframework/beans/factory/support/RootBeanDefinition;[Ljava/lang/Object;)Ljava/lang/Object;+34
j  org.springframework.beans.factory.support.AbstractAutowireCapableBeanFactory.createBean(Ljava/lang/String;Lorg/springframework/beans/factory/support/RootBeanDefinition;[Ljava/lang/Object;)Ljava/lang/Object;+153
j  org.springframework.beans.factory.support.AbstractBeanFactory.lambda$doGetBean$0(Ljava/lang/String;Lorg/springframework/beans/factory/support/RootBeanDefinition;[Ljava/lang/Object;)Ljava/lang/Object;+4
j  org.springframework.beans.factory.support.AbstractBeanFactory$$Lambda$332+0x0000000800df75a8.getObject()Ljava/lang/Object;+16
j  org.springframework.beans.factory.support.DefaultSingletonBeanRegistry.getSingleton(Ljava/lang/String;Lorg/springframework/beans/factory/ObjectFactory;)Ljava/lang/Object;+114
J 3292 c1 org.springframework.beans.factory.support.AbstractBeanFactory.doGetBean(Ljava/lang/String;Ljava/lang/Class;[Ljava/lang/Object;Z)Ljava/lang/Object; (740 bytes) @ 0x0000021ea25941cc [0x0000021ea2593bc0+0x000000000000060c]
j  org.springframework.beans.factory.support.AbstractBeanFactory.getBean(Ljava/lang/String;)Ljava/lang/Object;+5
j  org.springframework.beans.factory.support.BeanDefinitionValueResolver.resolveReference(Ljava/lang/Object;Lorg/springframework/beans/factory/config/RuntimeBeanReference;)Ljava/lang/Object;+145
j  org.springframework.beans.factory.support.BeanDefinitionValueResolver.resolveValueIfNecessary(Ljava/lang/Object;Ljava/lang/Object;)Ljava/lang/Object;+15
j  org.springframework.beans.factory.support.AbstractAutowireCapableBeanFactory.applyPropertyValues(Ljava/lang/String;Lorg/springframework/beans/factory/config/BeanDefinition;Lorg/springframework/beans/BeanWrapper;Lorg/springframework/beans/PropertyValues;)V+274
j  org.springframework.beans.factory.support.AbstractAutowireCapableBeanFactory.populateBean(Ljava/lang/String;Lorg/springframework/beans/factory/support/RootBeanDefinition;Lorg/springframework/beans/BeanWrapper;)V+351
j  org.springframework.beans.factory.support.AbstractAutowireCapableBeanFactory.doCreateBean(Ljava/lang/String;Lorg/springframework/beans/factory/support/RootBeanDefinition;[Ljava/lang/Object;)Ljava/lang/Object;+220
j  org.springframework.beans.factory.support.AbstractAutowireCapableBeanFactory.createBean(Ljava/lang/String;Lorg/springframework/beans/factory/support/RootBeanDefinition;[Ljava/lang/Object;)Ljava/lang/Object;+153
j  org.springframework.beans.factory.support.AbstractBeanFactory.lambda$doGetBean$0(Ljava/lang/String;Lorg/springframework/beans/factory/support/RootBeanDefinition;[Ljava/lang/Object;)Ljava/lang/Object;+4
j  org.springframework.beans.factory.support.AbstractBeanFactory$$Lambda$332+0x0000000800df75a8.getObject()Ljava/lang/Object;+16
j  org.springframework.beans.factory.support.DefaultSingletonBeanRegistry.getSingleton(Ljava/lang/String;Lorg/springframework/beans/factory/ObjectFactory;)Ljava/lang/Object;+114
J 3292 c1 org.springframework.beans.factory.support.AbstractBeanFactory.doGetBean(Ljava/lang/String;Ljava/lang/Class;[Ljava/lang/Object;Z)Ljava/lang/Object; (740 bytes) @ 0x0000021ea25941cc [0x0000021ea2593bc0+0x000000000000060c]
j  org.springframework.beans.factory.support.AbstractBeanFactory.getBean(Ljava/lang/String;)Ljava/lang/Object;+5
j  org.springframework.beans.factory.config.DependencyDescriptor.resolveCandidate(Ljava/lang/String;Ljava/lang/Class;Lorg/springframework/beans/factory/BeanFactory;)Ljava/lang/Object;+2
j  org.springframework.beans.factory.support.DefaultListableBeanFactory.doResolveDependency(Lorg/springframework/beans/factory/config/DependencyDescriptor;Ljava/lang/String;Ljava/util/Set;Lorg/springframework/beans/TypeConverter;)Ljava/lang/Object;+473
j  org.springframework.beans.factory.support.DefaultListableBeanFactory.resolveDependency(Lorg/springframework/beans/factory/config/DependencyDescriptor;Ljava/lang/String;Ljava/util/Set;Lorg/springframework/beans/TypeConverter;)Ljava/lang/Object;+117
j  org.springframework.beans.factory.support.ConstructorResolver.resolveAutowiredArgument(Lorg/springframework/beans/factory/config/DependencyDescriptor;Ljava/lang/Class;Ljava/lang/String;Ljava/util/Set;Lorg/springframework/beans/TypeConverter;Z)Ljava/lang/Object;+53
j  org.springframework.beans.factory.support.ConstructorResolver.createArgumentArray(Ljava/lang/String;Lorg/springframework/beans/factory/support/RootBeanDefinition;Lorg/springframework/beans/factory/config/ConstructorArgumentValues;Lorg/springframework/beans/BeanWrapper;[Ljava/lang/Class;[Ljava/lang/String;Ljava/lang/reflect/Executable;ZZ)Lorg/springframework/beans/factory/support/ConstructorResolver$ArgumentsHolder;+420
j  org.springframework.beans.factory.support.ConstructorResolver.autowireConstructor(Ljava/lang/String;Lorg/springframework/beans/factory/support/RootBeanDefinition;[Ljava/lang/reflect/Constructor;[Ljava/lang/Object;)Lorg/springframework/beans/BeanWrapper;+530
j  org.springframework.beans.factory.support.AbstractAutowireCapableBeanFactory.autowireConstructor(Ljava/lang/String;Lorg/springframework/beans/factory/support/RootBeanDefinition;[Ljava/lang/reflect/Constructor;[Ljava/lang/Object;)Lorg/springframework/beans/BeanWrapper;+13
j  org.springframework.beans.factory.support.AbstractAutowireCapableBeanFactory.createBeanInstance(Ljava/lang/String;Lorg/springframework/beans/factory/support/RootBeanDefinition;[Ljava/lang/Object;)Lorg/springframework/beans/BeanWrapper;+209
j  org.springframework.beans.factory.support.AbstractAutowireCapableBeanFactory.doCreateBean(Ljava/lang/String;Lorg/springframework/beans/factory/support/RootBeanDefinition;[Ljava/lang/Object;)Ljava/lang/Object;+34
j  org.springframework.beans.factory.support.AbstractAutowireCapableBeanFactory.createBean(Ljava/lang/String;Lorg/springframework/beans/factory/support/RootBeanDefinition;[Ljava/lang/Object;)Ljava/lang/Object;+153
j  org.springframework.beans.factory.support.AbstractBeanFactory.lambda$doGetBean$0(Ljava/lang/String;Lorg/springframework/beans/factory/support/RootBeanDefinition;[Ljava/lang/Object;)Ljava/lang/Object;+4
j  org.springframework.beans.factory.support.AbstractBeanFactory$$Lambda$332+0x0000000800df75a8.getObject()Ljava/lang/Object;+16
j  org.springframework.beans.factory.support.DefaultSingletonBeanRegistry.getSingleton(Ljava/lang/String;Lorg/springframework/beans/factory/ObjectFactory;)Ljava/lang/Object;+114
J 3292 c1 org.springframework.beans.factory.support.AbstractBeanFactory.doGetBean(Ljava/lang/String;Ljava/lang/Class;[Ljava/lang/Object;Z)Ljava/lang/Object; (740 bytes) @ 0x0000021ea25941cc [0x0000021ea2593bc0+0x000000000000060c]
j  org.springframework.beans.factory.support.AbstractBeanFactory.getBean(Ljava/lang/String;)Ljava/lang/Object;+5
j  org.springframework.beans.factory.support.ConstructorResolver.instantiateUsingFactoryMethod(Ljava/lang/String;Lorg/springframework/beans/factory/support/RootBeanDefinition;[Ljava/lang/Object;)Lorg/springframework/beans/BeanWrapper;+60
j  org.springframework.beans.factory.support.AbstractAutowireCapableBeanFactory.instantiateUsingFactoryMethod(Ljava/lang/String;Lorg/springframework/beans/factory/support/RootBeanDefinition;[Ljava/lang/Object;)Lorg/springframework/beans/BeanWrapper;+11
j  org.springframework.beans.factory.support.AbstractAutowireCapableBeanFactory.createBeanInstance(Ljava/lang/String;Lorg/springframework/beans/factory/support/RootBeanDefinition;[Ljava/lang/Object;)Lorg/springframework/beans/BeanWrapper;+89
j  org.springframework.beans.factory.support.AbstractAutowireCapableBeanFactory.doCreateBean(Ljava/lang/String;Lorg/springframework/beans/factory/support/RootBeanDefinition;[Ljava/lang/Object;)Ljava/lang/Object;+34
j  org.springframework.beans.factory.support.AbstractAutowireCapableBeanFactory.createBean(Ljava/lang/String;Lorg/springframework/beans/factory/support/RootBeanDefinition;[Ljava/lang/Object;)Ljava/lang/Object;+153
j  org.springframework.beans.factory.support.AbstractBeanFactory.lambda$doGetBean$0(Ljava/lang/String;Lorg/springframework/beans/factory/support/RootBeanDefinition;[Ljava/lang/Object;)Ljava/lang/Object;+4
j  org.springframework.beans.factory.support.AbstractBeanFactory$$Lambda$332+0x0000000800df75a8.getObject()Ljava/lang/Object;+16
j  org.springframework.beans.factory.support.DefaultSingletonBeanRegistry.getSingleton(Ljava/lang/String;Lorg/springframework/beans/factory/ObjectFactory;)Ljava/lang/Object;+114
J 3292 c1 org.springframework.beans.factory.support.AbstractBeanFactory.doGetBean(Ljava/lang/String;Ljava/lang/Class;[Ljava/lang/Object;Z)Ljava/lang/Object; (740 bytes) @ 0x0000021ea25941cc [0x0000021ea2593bc0+0x000000000000060c]
J 2830 c1 org.springframework.beans.factory.support.AbstractBeanFactory.getBean(Ljava/lang/String;Ljava/lang/Class;)Ljava/lang/Object; (9 bytes) @ 0x0000021ea24d4504 [0x0000021ea24d44a0+0x0000000000000064]
j  org.springframework.boot.web.servlet.ServletContextInitializerBeans.getOrderedBeansOfType(Lorg/springframework/beans/factory/ListableBeanFactory;Ljava/lang/Class;Ljava/util/Set;)Ljava/util/List;+69
j  org.springframework.boot.web.servlet.ServletContextInitializerBeans.addAsRegistrationBean(Lorg/springframework/beans/factory/ListableBeanFactory;Ljava/lang/Class;Ljava/lang/Class;Lorg/springframework/boot/web/servlet/ServletContextInitializerBeans$RegistrationBeanAdapter;)V+7
j  org.springframework.boot.web.servlet.ServletContextInitializerBeans.addAsRegistrationBean(Lorg/springframework/beans/factory/ListableBeanFactory;Ljava/lang/Class;Lorg/springframework/boot/web/servlet/ServletContextInitializerBeans$RegistrationBeanAdapter;)V+5
j  org.springframework.boot.web.servlet.ServletContextInitializerBeans.addAdaptableBeans(Lorg/springframework/beans/factory/ListableBeanFactory;)V+32
j  org.springframework.boot.web.servlet.ServletContextInitializerBeans.<init>(Lorg/springframework/beans/factory/ListableBeanFactory;[Ljava/lang/Class;)V+54
j  org.springframework.boot.web.servlet.context.ServletWebServerApplicationContext.getServletContextInitializerBeans()Ljava/util/Collection;+12
j  org.springframework.boot.web.servlet.context.ServletWebServerApplicationContext.selfInitialize(Ljakarta/servlet/ServletContext;)V+19
j  org.springframework.boot.web.servlet.context.ServletWebServerApplicationContext$$Lambda$779+0x000000080101b860.onStartup(Ljakarta/servlet/ServletContext;)V+5
j  org.springframework.boot.web.embedded.tomcat.TomcatStarter.onStartup(Ljava/util/Set;Ljakarta/servlet/ServletContext;)V+28
j  org.apache.catalina.core.StandardContext.startInternal()V+1048
j  org.apache.catalina.util.LifecycleBase.start()V+210
j  org.apache.catalina.core.ContainerBase$StartChild.call()Ljava/lang/Void;+4
j  org.apache.catalina.core.ContainerBase$StartChild.call()Ljava/lang/Object;+1
j  java.util.concurrent.FutureTask.run$$$capture()V+39 java.base@17.0.3
j  java.util.concurrent.FutureTask.run()V+5 java.base@17.0.3
j  org.apache.tomcat.util.threads.InlineExecutorService.execute(Ljava/lang/Runnable;)V+38
j  java.util.concurrent.AbstractExecutorService.submit(Ljava/util/concurrent/Callable;)Ljava/util/concurrent/Future;+20 java.base@17.0.3
j  org.apache.catalina.core.ContainerBase.startInternal()V+116
j  org.apache.catalina.core.StandardHost.startInternal()V+177
j  org.apache.catalina.util.LifecycleBase.start()V+210
j  org.apache.catalina.core.ContainerBase$StartChild.call()Ljava/lang/Void;+4
j  org.apache.catalina.core.ContainerBase$StartChild.call()Ljava/lang/Object;+1
j  java.util.concurrent.FutureTask.run$$$capture()V+39 java.base@17.0.3
j  java.util.concurrent.FutureTask.run()V+5 java.base@17.0.3
j  org.apache.tomcat.util.threads.InlineExecutorService.execute(Ljava/lang/Runnable;)V+38
j  java.util.concurrent.AbstractExecutorService.submit(Ljava/util/concurrent/Callable;)Ljava/util/concurrent/Future;+20 java.base@17.0.3
j  org.apache.catalina.core.ContainerBase.startInternal()V+116
j  org.apache.catalina.core.StandardEngine.startInternal()V+38
j  org.apache.catalina.util.LifecycleBase.start()V+210
j  org.apache.catalina.core.StandardService.startInternal()V+63
j  org.apache.catalina.util.LifecycleBase.start()V+210
j  org.apache.catalina.core.StandardServer.startInternal()V+94
j  org.apache.catalina.util.LifecycleBase.start()V+210
j  org.apache.catalina.startup.Tomcat.start()V+9
j  org.springframework.boot.web.embedded.tomcat.TomcatWebServer.initialize()V+55
j  org.springframework.boot.web.embedded.tomcat.TomcatWebServer.<init>(Lorg/apache/catalina/startup/Tomcat;ZLorg/springframework/boot/web/server/Shutdown;)V+66
j  org.springframework.boot.web.embedded.tomcat.TomcatServletWebServerFactory.getTomcatWebServer(Lorg/apache/catalina/startup/Tomcat;)Lorg/springframework/boot/web/embedded/tomcat/TomcatWebServer;+21
j  org.springframework.boot.web.embedded.tomcat.TomcatServletWebServerFactory.getWebServer([Lorg/springframework/boot/web/servlet/ServletContextInitializer;)Lorg/springframework/boot/web/server/WebServer;+212
j  org.springframework.boot.web.servlet.context.ServletWebServerApplicationContext.createWebServer()V+67
j  org.springframework.boot.web.servlet.context.ServletWebServerApplicationContext.onRefresh()V+5
j  org.springframework.context.support.AbstractApplicationContext.refresh()V+85
j  org.springframework.boot.web.servlet.context.ServletWebServerApplicationContext.refresh()V+1
j  org.springframework.boot.SpringApplication.refresh(Lorg/springframework/context/ConfigurableApplicationContext;)V+1
j  org.springframework.boot.SpringApplication.refreshContext(Lorg/springframework/context/ConfigurableApplicationContext;)V+16
j  org.springframework.boot.SpringApplication.run([Ljava/lang/String;)Lorg/springframework/context/ConfigurableApplicationContext;+110
j  org.springframework.boot.SpringApplication.run([Ljava/lang/Class;[Ljava/lang/String;)Lorg/springframework/context/ConfigurableApplicationContext;+9
j  org.springframework.boot.SpringApplication.run(Ljava/lang/Class;[Ljava/lang/String;)Lorg/springframework/context/ConfigurableApplicationContext;+9
j  com.openclassroom.chatop.ChatopApplication.main([Ljava/lang/String;)V+3
v  ~StubRoutines::call_stub

siginfo: EXCEPTION_ACCESS_VIOLATION (0xc0000005), reading address 0x000000086e6f4336


Register to memory mapping:

RIP=0x00007ff9f6f49f50 jvm.dll
RAX=0x0 is NULL
RBX=0x0 is NULL
RCX=0x000000086e6f432e is an unknown value
RDX=0x0000000800214af8 is a pointer to class: 
sun.util.locale.BaseLocale {0x0000000800214b00}
 - instance size:     4
 - klass size:        65
 - access:            public final synchronized 
 - state:             fully_initialized
 - name:              'sun/util/locale/BaseLocale'
 - super:             'java/lang/Object'
 - sub:               
 - arrays:            'sun/util/locale/BaseLocale'[]
 - methods:           Array<T>(0x0000000800831a30)
 - method ordering:   Array<T>(0x0000000800831a98)
 - default_methods:   Array<T>(0x0000000000000000)
 - local interfaces:  Array<T>(0x00000008005cf358)
 - trans. interfaces: Array<T>(0x00000008005cf358)
 - constants:         constant pool [274] {0x0000000800831140} for 'sun/util/locale/BaseLocale' cache=0x0000000800214f28
 - class loader data:  loader data: 0x0000021e98a92520 of 'bootstrap'
 - source file:       'BaseLocale.java'
 - class annotations:       Array<T>(0x0000000000000000)
 - class type annotations:  Array<T>(0x0000000000000000)
 - field annotations:       Array<T>(0x0000000800831050)
 - field type annotations:  Array<T>(0x0000000000000000)
 - inner classes:     Array<T>(0x0000000800831a10)
 - nest members:     Array<T>(0x0000000800831ad0)
 - permitted subclasses:     Array<T>(0x00000008005cf2e8)
 - java mirror:       a 'java/lang/Class'{0x00000006017315f8} = 'sun/util/locale/BaseLocale'
 - vtable length      5  (start addr: 0x0000000800214cc0)
 - itable length      2 (start addr: 0x0000000800214ce8)
 - ---- static fields (4 words):
 - public static synchronized 'constantBaseLocales' '[Lsun/util/locale/BaseLocale;' @112 
 - public static final 'ENGLISH' 'B' @120 
 - public static final 'FRENCH' 'B' @121 
 - public static final 'GERMAN' 'B' @122 
 - public static final 'ITALIAN' 'B' @123 
 - public static final 'JAPANESE' 'B' @124 
 - public static final 'KOREAN' 'B' @125 
 - public static final 'CHINESE' 'B' @126 
 - public static final 'SIMPLIFIED_CHINESE' 'B' @127 
 - public static final 'TRADITIONAL_CHINESE' 'B' @128 
 - public static final 'FRANCE' 'B' @129 
 - public static final 'GERMANY' 'B' @130 
 - public static final 'ITALY' 'B' @131 
 - public static final 'JAPAN' 'B' @132 
 - public static final 'KOREA' 'B' @133 
 - public static final 'UK' 'B' @134 
 - public static final 'US' 'B' @135 
 - public static final 'CANADA' 'B' @136 
 - public static final 'CANADA_FRENCH' 'B' @137 
 - public static final 'ROOT' 'B' @138 
 - public static final 'NUM_CONSTANTS' 'B' @139 
 - public static final 'SEP' 'Ljava/lang/String;' @116 
 - private static final 'OLD_ISO_CODES' 'Z' @140 
 - ---- non-static fields (5 words):
 - private volatile 'hash' 'I' @12 
 - private final 'language' 'Ljava/lang/String;' @16 
 - private final 'script' 'Ljava/lang/String;' @20 
 - private final 'region' 'Ljava/lang/String;' @24 
 - private final 'variant' 'Ljava/lang/String;' @28 
 - non-static oop maps: 16-28 
RSP=0x00000080a27f7448 is pointing into the stack for thread: 0x0000021e98aa4750
RBP=0x00000000000003d8 is an unknown value
RSI=0x000000086e6f432e is an unknown value
RDI=0x0000000800214af8 is a pointer to class: 
sun.util.locale.BaseLocale {0x0000000800214b00}
 - instance size:     4
 - klass size:        65
 - access:            public final synchronized 
 - state:             fully_initialized
 - name:              'sun/util/locale/BaseLocale'
 - super:             'java/lang/Object'
 - sub:               
 - arrays:            'sun/util/locale/BaseLocale'[]
 - methods:           Array<T>(0x0000000800831a30)
 - method ordering:   Array<T>(0x0000000800831a98)
 - default_methods:   Array<T>(0x0000000000000000)
 - local interfaces:  Array<T>(0x00000008005cf358)
 - trans. interfaces: Array<T>(0x00000008005cf358)
 - constants:         constant pool [274] {0x0000000800831140} for 'sun/util/locale/BaseLocale' cache=0x0000000800214f28
 - class loader data:  loader data: 0x0000021e98a92520 of 'bootstrap'
 - source file:       'BaseLocale.java'
 - class annotations:       Array<T>(0x0000000000000000)
 - class type annotations:  Array<T>(0x0000000000000000)
 - field annotations:       Array<T>(0x0000000800831050)
 - field type annotations:  Array<T>(0x0000000000000000)
 - inner classes:     Array<T>(0x0000000800831a10)
 - nest members:     Array<T>(0x0000000800831ad0)
 - permitted subclasses:     Array<T>(0x00000008005cf2e8)
 - java mirror:       a 'java/lang/Class'{0x00000006017315f8} = 'sun/util/locale/BaseLocale'
 - vtable length      5  (start addr: 0x0000000800214cc0)
 - itable length      2 (start addr: 0x0000000800214ce8)
 - ---- static fields (4 words):
 - public static synchronized 'constantBaseLocales' '[Lsun/util/locale/BaseLocale;' @112 
 - public static final 'ENGLISH' 'B' @120 
 - public static final 'FRENCH' 'B' @121 
 - public static final 'GERMAN' 'B' @122 
 - public static final 'ITALIAN' 'B' @123 
 - public static final 'JAPANESE' 'B' @124 
 - public static final 'KOREAN' 'B' @125 
 - public static final 'CHINESE' 'B' @126 
 - public static final 'SIMPLIFIED_CHINESE' 'B' @127 
 - public static final 'TRADITIONAL_CHINESE' 'B' @128 
 - public static final 'FRANCE' 'B' @129 
 - public static final 'GERMANY' 'B' @130 
 - public static final 'ITALY' 'B' @131 
 - public static final 'JAPAN' 'B' @132 
 - public static final 'KOREA' 'B' @133 
 - public static final 'UK' 'B' @134 
 - public static final 'US' 'B' @135 
 - public static final 'CANADA' 'B' @136 
 - public static final 'CANADA_FRENCH' 'B' @137 
 - public static final 'ROOT' 'B' @138 
 - public static final 'NUM_CONSTANTS' 'B' @139 
 - public static final 'SEP' 'Ljava/lang/String;' @116 
 - private static final 'OLD_ISO_CODES' 'Z' @140 
 - ---- non-static fields (5 words):
 - private volatile 'hash' 'I' @12 
 - private final 'language' 'Ljava/lang/String;' @16 
 - private final 'script' 'Ljava/lang/String;' @20 
 - private final 'region' 'Ljava/lang/String;' @24 
 - private final 'variant' 'Ljava/lang/String;' @28 
 - non-static oop maps: 16-28 
R8 =0x0 is NULL
R9 =0x0000000000000014 is an unknown value
R10=0x0000000000000003 is an unknown value
R11=0x00000080a27f74a0 is pointing into the stack for thread: 0x0000021e98aa4750
R12=0x000000086e6f432e is an unknown value
R13=0x0000000800214af8 is a pointer to class: 
sun.util.locale.BaseLocale {0x0000000800214b00}
 - instance size:     4
 - klass size:        65
 - access:            public final synchronized 
 - state:             fully_initialized
 - name:              'sun/util/locale/BaseLocale'
 - super:             'java/lang/Object'
 - sub:               
 - arrays:            'sun/util/locale/BaseLocale'[]
 - methods:           Array<T>(0x0000000800831a30)
 - method ordering:   Array<T>(0x0000000800831a98)
 - default_methods:   Array<T>(0x0000000000000000)
 - local interfaces:  Array<T>(0x00000008005cf358)
 - trans. interfaces: Array<T>(0x00000008005cf358)
 - constants:         constant pool [274] {0x0000000800831140} for 'sun/util/locale/BaseLocale' cache=0x0000000800214f28
 - class loader data:  loader data: 0x0000021e98a92520 of 'bootstrap'
 - source file:       'BaseLocale.java'
 - class annotations:       Array<T>(0x0000000000000000)
 - class type annotations:  Array<T>(0x0000000000000000)
 - field annotations:       Array<T>(0x0000000800831050)
 - field type annotations:  Array<T>(0x0000000000000000)
 - inner classes:     Array<T>(0x0000000800831a10)
 - nest members:     Array<T>(0x0000000800831ad0)
 - permitted subclasses:     Array<T>(0x00000008005cf2e8)
 - java mirror:       a 'java/lang/Class'{0x00000006017315f8} = 'sun/util/locale/BaseLocale'
 - vtable length      5  (start addr: 0x0000000800214cc0)
 - itable length      2 (start addr: 0x0000000800214ce8)
 - ---- static fields (4 words):
 - public static synchronized 'constantBaseLocales' '[Lsun/util/locale/BaseLocale;' @112 
 - public static final 'ENGLISH' 'B' @120 
 - public static final 'FRENCH' 'B' @121 
 - public static final 'GERMAN' 'B' @122 
 - public static final 'ITALIAN' 'B' @123 
 - public static final 'JAPANESE' 'B' @124 
 - public static final 'KOREAN' 'B' @125 
 - public static final 'CHINESE' 'B' @126 
 - public static final 'SIMPLIFIED_CHINESE' 'B' @127 
 - public static final 'TRADITIONAL_CHINESE' 'B' @128 
 - public static final 'FRANCE' 'B' @129 
 - public static final 'GERMANY' 'B' @130 
 - public static final 'ITALY' 'B' @131 
 - public static final 'JAPAN' 'B' @132 
 - public static final 'KOREA' 'B' @133 
 - public static final 'UK' 'B' @134 
 - public static final 'US' 'B' @135 
 - public static final 'CANADA' 'B' @136 
 - public static final 'CANADA_FRENCH' 'B' @137 
 - public static final 'ROOT' 'B' @138 
 - public static final 'NUM_CONSTANTS' 'B' @139 
 - public static final 'SEP' 'Ljava/lang/String;' @116 
 - private static final 'OLD_ISO_CODES' 'Z' @140 
 - ---- non-static fields (5 words):
 - private volatile 'hash' 'I' @12 
 - private final 'language' 'Ljava/lang/String;' @16 
 - private final 'script' 'Ljava/lang/String;' @20 
 - private final 'region' 'Ljava/lang/String;' @24 
 - private final 'variant' 'Ljava/lang/String;' @28 
 - non-static oop maps: 16-28 
R14=0x0000021e98aa4c30 points into unknown readable memory: 0x6c6974752e6e7573 | 73 75 6e 2e 75 74 69 6c
R15=0x0000021e98aa5008 points into unknown readable memory: 0x100538bc6b1cb279 | 79 b2 1c 6b bc 38 05 10


Registers:
RAX=0x0000000000000000, RBX=0x0000000000000000, RCX=0x000000086e6f432e, RDX=0x0000000800214af8
RSP=0x00000080a27f7448, RBP=0x00000000000003d8, RSI=0x000000086e6f432e, RDI=0x0000000800214af8
R8 =0x0000000000000000, R9 =0x0000000000000014, R10=0x0000000000000003, R11=0x00000080a27f74a0
R12=0x000000086e6f432e, R13=0x0000000800214af8, R14=0x0000021e98aa4c30, R15=0x0000021e98aa5008
RIP=0x00007ff9f6f49f50, EFLAGS=0x0000000000010206

Top of Stack: (sp=0x00000080a27f7448)
0x00000080a27f7448:   00007ff9f70ec09e 0000021ea2376120
0x00000080a27f7458:   0000021ea2376770 0000021ea23768d0
0x00000080a27f7468:   00000080a27f8d00 0000021ea237647a
0x00000080a27f7478:   0000021ea2375f10 0000000800000000
0x00000080a27f7488:   00000080a27f9000 0000021e98aa5008
0x00000080a27f7498:   0000021e98aa4c30 0000000000000000
0x00000080a27f74a8:   0000000800214af8 000000086e6f432e
0x00000080a27f74b8:   00007ff9f70ec034 000000086e6f432e
0x00000080a27f74c8:   00000006017adc00 000000080092dd91
0x00000080a27f74d8:   00000000000003d8 0000000800831138
0x00000080a27f74e8:   0000021e98aa4750 0000000800831138
0x00000080a27f74f8:   0000000000000001 00000080a27f8860
0x00000080a27f7508:   0000021ea1e65494 0000021ea1e65310
0x00000080a27f7518:   0000000800000000 00000080a27f8cf0
0x00000080a27f7528:   00000080a27f8860 00000080a27f8d00
0x00000080a27f7538:   0000021ea237647a 0000021ea2375f10 

Instructions: (pc=0x00007ff9f6f49f50)
0x00007ff9f6f49e50:   7d 20 48 8b 82 e8 00 00 00 8b 88 a4 00 00 00 c1
0x00007ff9f6f49e60:   e9 1a f6 c1 01 74 0b 48 8b 4a 18 e8 d0 fe ff ff
0x00007ff9f6f49e70:   eb 17 48 8b 4a 18 48 85 c9 75 09 48 8d 05 46 73
0x00007ff9f6f49e80:   3d 00 eb 05 e8 97 45 26 00 48 8b 1d f0 09 65 00
0x00007ff9f6f49e90:   48 8d 15 71 29 45 00 4c 8b c0 48 8d 4c 24 30 e8
0x00007ff9f6f49ea0:   cc d8 b6 ff 4c 8b cb 48 8d 15 12 29 45 00 49 8b
0x00007ff9f6f49eb0:   cf 4c 8b 00 4c 89 44 24 20 41 b8 a6 00 00 00 e8
0x00007ff9f6f49ec0:   7c 2d d8 ff 48 83 3e 00 74 13 49 8b d4 48 8b cf
0x00007ff9f6f49ed0:   e8 fb 26 b7 ff 48 8b ce e8 63 26 b7 ff 48 89 77
0x00007ff9f6f49ee0:   10 48 89 6f 18 4c 89 77 20 48 8b 8c 24 40 01 00
0x00007ff9f6f49ef0:   00 48 33 cc e8 07 22 35 00 4c 8d 9c 24 50 01 00
0x00007ff9f6f49f00:   00 49 8b 5b 30 49 8b 6b 40 49 8b e3 41 5f 41 5e
0x00007ff9f6f49f10:   41 5c 5f 5e c3 cc cc cc cc cc cc cc cc cc cc cc
0x00007ff9f6f49f20:   8b 91 a4 00 00 00 8b c2 c1 e8 09 a8 01 74 08 48
0x00007ff9f6f49f30:   8d 05 02 7d 40 00 c3 c1 ea 0a 48 8d 05 b7 29 45
0x00007ff9f6f49f40:   00 f6 c2 01 75 07 48 8d 05 bb 29 45 00 c3 cc cc
0x00007ff9f6f49f50:   8b 41 08 48 8b d1 85 c0 7e 16 8b 81 a4 00 00 00
0x00007ff9f6f49f60:   c1 e8 1a a8 01 74 2e 48 8b 49 18 e9 d0 fd ff ff
0x00007ff9f6f49f70:   3d 00 00 00 c0 7d 1e 48 8b 81 e8 00 00 00 8b 88
0x00007ff9f6f49f80:   a4 00 00 00 c1 e9 1a f6 c1 01 74 09 48 8b 4a 18
0x00007ff9f6f49f90:   e9 ab fd ff ff 48 8b 4a 18 48 85 c9 75 08 48 8d
0x00007ff9f6f49fa0:   05 23 72 3d 00 c3 e9 75 44 26 00 cc cc cc cc cc
0x00007ff9f6f49fb0:   48 83 ec 28 ba b4 00 00 00 48 8d 0d 00 28 45 00
0x00007ff9f6f49fc0:   e8 4b b3 d0 ff e8 a6 ba 13 00 33 c0 48 83 c4 28
0x00007ff9f6f49fd0:   c3 cc cc cc cc cc cc cc cc cc cc cc cc cc cc cc
0x00007ff9f6f49fe0:   48 83 ec 28 ba ab 00 00 00 48 8d 0d d0 27 45 00
0x00007ff9f6f49ff0:   e8 1b b3 d0 ff 48 83 c4 28 e9 72 ba 13 00 cc cc
0x00007ff9f6f4a000:   40 53 55 56 57 41 55 41 56 48 83 ec 38 33 f6 4d
0x00007ff9f6f4a010:   8b e9 4d 8b f0 48 8b da 48 8b f9 48 85 d2 75 0d
0x00007ff9f6f4a020:   48 89 71 78 48 89 49 30 e9 91 00 00 00 48 3b 59
0x00007ff9f6f4a030:   78 75 0d 48 3b 1d f6 7e 66 00 0f 85 7e 00 00 00
0x00007ff9f6f4a040:   48 89 59 78 8b 42 14 83 f8 20 75 07 b8 08 00 00 


Stack slot to memory mapping:
stack at sp + 0 slots: 0x00007ff9f70ec09e jvm.dll
stack at sp + 1 slots: 0x0000021ea2376120 is at entry_point+0 in (nmethod*)0x0000021ea2375f10
stack at sp + 2 slots: 0x0000021ea2376770 is at entry_point+1616 in (nmethod*)0x0000021ea2375f10
stack at sp + 3 slots: 0x0000021ea23768d0 is at entry_point+1968 in (nmethod*)0x0000021ea2375f10
stack at sp + 4 slots: 0x00000080a27f8d00 is pointing into the stack for thread: 0x0000021e98aa4750
stack at sp + 5 slots: 0x0000021ea237647a is at entry_point+858 in (nmethod*)0x0000021ea2375f10
stack at sp + 6 slots: 0x0000021ea2375f10 is at entry_point+-528 in (nmethod*)0x0000021ea2375f10
stack at sp + 7 slots: 0x0000000800000000 is pointing into metadata


---------------  P R O C E S S  ---------------

Threads class SMR info:
_java_thread_list=0x0000021ebfa73e70, length=23, elements={
0x0000021e98aa4750, 0x0000021eba8de640, 0x0000021eba8df3c0, 0x0000021eba8f1b50,
0x0000021eba8f4520, 0x0000021eba8f4de0, 0x0000021eba8f56a0, 0x0000021eba8f6010,
0x0000021eba8f70b0, 0x0000021ebb161370, 0x0000021ebb1f6540, 0x0000021ebb1fb200,
0x0000021ebb23e650, 0x0000021ebb24cc30, 0x0000021ebb24d120, 0x0000021ebb272ec0,
0x0000021ebc4d8730, 0x0000021ebc7dc500, 0x0000021ebcd68200, 0x0000021ebd20a3d0,
0x0000021ebd99f6e0, 0x0000021ebdbbc060, 0x0000021ebfbe5eb0
}

Java Threads: ( => current thread )
=>0x0000021e98aa4750 JavaThread "main" [_thread_in_vm, id=480, stack(0x00000080a2700000,0x00000080a2800000)]
  0x0000021eba8de640 JavaThread "Reference Handler" daemon [_thread_blocked, id=24208, stack(0x00000080a2e00000,0x00000080a2f00000)]
  0x0000021eba8df3c0 JavaThread "Finalizer" daemon [_thread_blocked, id=14816, stack(0x00000080a2f00000,0x00000080a3000000)]
  0x0000021eba8f1b50 JavaThread "Signal Dispatcher" daemon [_thread_blocked, id=16256, stack(0x00000080a3000000,0x00000080a3100000)]
  0x0000021eba8f4520 JavaThread "Attach Listener" daemon [_thread_blocked, id=7768, stack(0x00000080a3100000,0x00000080a3200000)]
  0x0000021eba8f4de0 JavaThread "Service Thread" daemon [_thread_blocked, id=21936, stack(0x00000080a3200000,0x00000080a3300000)]
  0x0000021eba8f56a0 JavaThread "Monitor Deflation Thread" daemon [_thread_blocked, id=20132, stack(0x00000080a3300000,0x00000080a3400000)]
  0x0000021eba8f6010 JavaThread "C1 CompilerThread0" daemon [_thread_blocked, id=27480, stack(0x00000080a3400000,0x00000080a3500000)]
  0x0000021eba8f70b0 JavaThread "Sweeper thread" daemon [_thread_blocked, id=5768, stack(0x00000080a3500000,0x00000080a3600000)]
  0x0000021ebb161370 JavaThread "Common-Cleaner" daemon [_thread_blocked, id=28484, stack(0x00000080a3600000,0x00000080a3700000)]
  0x0000021ebb1f6540 JavaThread "C1 CompilerThread1" daemon [_thread_blocked, id=24420, stack(0x00000080a3700000,0x00000080a3800000)]
  0x0000021ebb1fb200 JavaThread "C1 CompilerThread2" daemon [_thread_blocked, id=30652, stack(0x00000080a3800000,0x00000080a3900000)]
  0x0000021ebb23e650 JavaThread "JDWP Transport Listener: dt_socket" daemon [_thread_blocked, id=27272, stack(0x00000080a3900000,0x00000080a3a00000)]
  0x0000021ebb24cc30 JavaThread "JDWP Event Helper Thread" daemon [_thread_blocked, id=27604, stack(0x00000080a3a00000,0x00000080a3b00000)]
  0x0000021ebb24d120 JavaThread "JDWP Command Reader" daemon [_thread_in_native, id=3864, stack(0x00000080a3b00000,0x00000080a3c00000)]
  0x0000021ebb272ec0 JavaThread "Notification Thread" daemon [_thread_blocked, id=27452, stack(0x00000080a3c00000,0x00000080a3d00000)]
  0x0000021ebc4d8730 JavaThread "RMI TCP Accept-0" daemon [_thread_in_native, id=22544, stack(0x00000080a3d00000,0x00000080a3e00000)]
  0x0000021ebc7dc500 JavaThread "RMI TCP Connection(1)-192.168.1.234" daemon [_thread_in_native, id=2252, stack(0x00000080a4700000,0x00000080a4800000)]
  0x0000021ebcd68200 JavaThread "RMI Scheduler(0)" daemon [_thread_blocked, id=28004, stack(0x00000080a4800000,0x00000080a4900000)]
  0x0000021ebd20a3d0 JavaThread "C1 CompilerThread3" daemon [_thread_blocked, id=25152, stack(0x00000080a4a00000,0x00000080a4b00000)]
  0x0000021ebd99f6e0 JavaThread "mysql-cj-abandoned-connection-cleanup" daemon [_thread_blocked, id=19152, stack(0x00000080a4b00000,0x00000080a4c00000)]
  0x0000021ebdbbc060 JavaThread "HikariPool-1 housekeeper" daemon [_thread_blocked, id=14872, stack(0x00000080a4d00000,0x00000080a4e00000)]
  0x0000021ebfbe5eb0 JavaThread "HikariPool-1 connection adder" daemon [_thread_blocked, id=27196, stack(0x00000080a4e00000,0x00000080a4f00000)]

Other Threads:
  0x0000021eba8d66c0 VMThread "VM Thread" [stack: 0x00000080a2d00000,0x00000080a2e00000] [id=18460] _threads_hazard_ptr=0x0000021ebfa73e70
  0x0000021e98aa53b0 WatcherThread [stack: 0x00000080a3e00000,0x00000080a3f00000] [id=21464]
  0x0000021e988ce840 GCTaskThread "GC Thread#0" [stack: 0x00000080a2800000,0x00000080a2900000] [id=17952]
  0x0000021ebc68e330 GCTaskThread "GC Thread#1" [stack: 0x00000080a3f00000,0x00000080a4000000] [id=25612]
  0x0000021ebc5243a0 GCTaskThread "GC Thread#2" [stack: 0x00000080a4000000,0x00000080a4100000] [id=5624]
  0x0000021ebc524650 GCTaskThread "GC Thread#3" [stack: 0x00000080a4100000,0x00000080a4200000] [id=26024]
  0x0000021ebc524900 GCTaskThread "GC Thread#4" [stack: 0x00000080a4200000,0x00000080a4300000] [id=13032]
  0x0000021ebc524bb0 GCTaskThread "GC Thread#5" [stack: 0x00000080a4300000,0x00000080a4400000] [id=5084]
  0x0000021ebc725ff0 GCTaskThread "GC Thread#6" [stack: 0x00000080a4400000,0x00000080a4500000] [id=1720]
  0x0000021ebc7434d0 GCTaskThread "GC Thread#7" [stack: 0x00000080a4500000,0x00000080a4600000] [id=23840]
  0x0000021e98b5d520 ConcurrentGCThread "G1 Main Marker" [stack: 0x00000080a2900000,0x00000080a2a00000] [id=19544]
  0x0000021e98b5de40 ConcurrentGCThread "G1 Conc#0" [stack: 0x00000080a2a00000,0x00000080a2b00000] [id=29236]
  0x0000021ebd4f6a40 ConcurrentGCThread "G1 Conc#1" [stack: 0x00000080a4900000,0x00000080a4a00000] [id=24528]
  0x0000021eba8134b0 ConcurrentGCThread "G1 Refine#0" [stack: 0x00000080a2b00000,0x00000080a2c00000] [id=5244]
  0x0000021ebc7371a0 ConcurrentGCThread "G1 Refine#1" [stack: 0x00000080a4600000,0x00000080a4700000] [id=21872]
  0x0000021eba813de0 ConcurrentGCThread "G1 Service" [stack: 0x00000080a2c00000,0x00000080a2d00000] [id=25528]

Threads with active compile tasks:
C1 CompilerThread1     5301 4668       1       sun.security.provider.ByteArrayAccess::b2lBig128 (232 bytes)

VM state: synchronizing (normal execution)

VM Mutex/Monitor currently owned by a thread:  ([mutex/lock_event])
[0x0000021e98a9fec0] Threads_lock - owner thread: 0x0000021eba8d66c0
[0x0000021e98aa0f10] Heap_lock - owner thread: 0x0000021ebfbe5eb0

Heap address: 0x0000000601400000, size: 8172 MB, Compressed Oops mode: Zero based, Oop shift amount: 3

CDS archive(s) mapped at: [0x0000000800000000-0x0000000800bc0000-0x0000000800bc0000), size 12320768, SharedBaseAddress: 0x0000000800000000, ArchiveRelocationMode: 0.
Compressed class space mapped at: 0x0000000800c00000-0x0000000840c00000, reserved size: 1073741824
Narrow klass base: 0x0000000800000000, Narrow klass shift: 0, Narrow klass range: 0x100000000

GC Precious Log:
 CPUs: 8 total, 8 available
 Memory: 32687M
 Large Page Support: Disabled
 NUMA Support: Disabled
 Compressed Oops: Enabled (Zero based)
 Heap Region Size: 4M
 Heap Min Capacity: 8M
 Heap Initial Capacity: 512M
 Heap Max Capacity: 8172M
 Pre-touch: Disabled
 Parallel Workers: 8
 Concurrent Workers: 2
 Concurrent Refinement Workers: 8
 Periodic GC: Disabled

Heap:
 garbage-first heap   total 69632K, used 50335K [0x0000000601400000, 0x0000000800000000)
  region size 4096K, 8 young (32768K), 1 survivors (4096K)
 Metaspace       used 43399K, committed 43840K, reserved 1089536K
  class space    used 5902K, committed 6080K, reserved 1048576K

Heap Regions: E=young(eden), S=young(survivor), O=old, HS=humongous(starts), HC=humongous(continues), CS=collection set, F=free, OA=open archive, CA=closed archive, TAMS=top-at-mark-start (previous, next)
|   0|0x0000000601400000, 0x0000000601800000, 0x0000000601800000|100%| O|  |TAMS 0x0000000601800000, 0x0000000601400000| Untracked 
|   1|0x0000000601800000, 0x0000000601ba2e00, 0x0000000601c00000| 90%| O|  |TAMS 0x0000000601ba2e00, 0x0000000601800000| Untracked 
|   2|0x0000000601c00000, 0x0000000602000000, 0x0000000602000000|100%| O|  |TAMS 0x0000000602000000, 0x0000000601c00000| Untracked 
|   3|0x0000000602000000, 0x00000006023a5800, 0x0000000602400000| 91%| O|  |TAMS 0x00000006023a5800, 0x0000000602000000| Untracked 
|   4|0x0000000602400000, 0x0000000602400000, 0x0000000602800000|  0%| F|  |TAMS 0x0000000602400000, 0x0000000602400000| Untracked 
|   5|0x0000000602800000, 0x0000000602800000, 0x0000000602c00000|  0%| F|  |TAMS 0x0000000602800000, 0x0000000602800000| Untracked 
|   6|0x0000000602c00000, 0x0000000603000000, 0x0000000603000000|100%| O|  |TAMS 0x0000000603000000, 0x0000000602c00000| Untracked 
|   7|0x0000000603000000, 0x0000000603000000, 0x0000000603400000|  0%| F|  |TAMS 0x0000000603000000, 0x0000000603000000| Untracked 
|   8|0x0000000603400000, 0x0000000603400000, 0x0000000603800000|  0%| F|  |TAMS 0x0000000603400000, 0x0000000603400000| Untracked 
|   9|0x0000000603800000, 0x0000000603c00000, 0x0000000603c00000|100%| E|CS|TAMS 0x0000000603800000, 0x0000000603800000| Complete 
|  10|0x0000000603c00000, 0x0000000604000000, 0x0000000604000000|100%| E|CS|TAMS 0x0000000603c00000, 0x0000000603c00000| Complete 
|  11|0x0000000604000000, 0x0000000604400000, 0x0000000604400000|100%| E|CS|TAMS 0x0000000604000000, 0x0000000604000000| Complete 
|  12|0x0000000604400000, 0x00000006045df680, 0x0000000604800000| 46%| S|CS|TAMS 0x0000000604400000, 0x0000000604400000| Complete 
|  13|0x0000000604800000, 0x0000000604c00000, 0x0000000604c00000|100%| E|CS|TAMS 0x0000000604800000, 0x0000000604800000| Complete 
| 123|0x0000000620000000, 0x0000000620400000, 0x0000000620400000|100%| E|CS|TAMS 0x0000000620000000, 0x0000000620000000| Complete 
| 124|0x0000000620400000, 0x0000000620800000, 0x0000000620800000|100%| E|CS|TAMS 0x0000000620400000, 0x0000000620400000| Complete 
| 127|0x0000000621000000, 0x0000000621400000, 0x0000000621400000|100%| E|CS|TAMS 0x0000000621000000, 0x0000000621000000| Complete 

Card table byte_map: [0x0000021ea6640000,0x0000021ea7640000] _byte_map_base: 0x0000021ea3636000

Marking Bits (Prev, Next): (CMBitMap*) 0x0000021e98b4cee0, (CMBitMap*) 0x0000021e98b4cf20
 Prev Bits: [0x0000021ea8640000, 0x0000021eb05f0000)
 Next Bits: [0x0000021eb05f0000, 0x0000021eb85a0000)

Polling page: 0x0000021e98b60000

Metaspace:

Usage:
  Non-class:     36.62 MB used.
      Class:      5.76 MB used.
       Both:     42.38 MB used.

Virtual space:
  Non-class space:       40.00 MB reserved,      36.88 MB ( 92%) committed,  5 nodes.
      Class space:        1.00 GB reserved,       5.94 MB ( <1%) committed,  1 nodes.
             Both:        1.04 GB reserved,      42.81 MB (  4%) committed. 

Chunk freelists:
   Non-Class:  2.90 MB
       Class:  2.00 MB
        Both:  4.90 MB

MaxMetaspaceSize: unlimited
CompressedClassSpaceSize: 1.00 GB
Initial GC threshold: 21.00 MB
Current GC threshold: 59.06 MB
CDS: on
MetaspaceReclaimPolicy: balanced
 - commit_granule_bytes: 65536.
 - commit_granule_words: 8192.
 - virtual_space_node_default_size: 1048576.
 - enlarge_chunks_in_place: 1.
 - new_chunks_are_fully_committed: 0.
 - uncommit_free_chunks: 1.
 - use_allocation_guard: 0.
 - handle_deallocations: 1.


Internal statistics:

num_allocs_failed_limit: 6.
num_arena_births: 626.
num_arena_deaths: 0.
num_vsnodes_births: 6.
num_vsnodes_deaths: 0.
num_space_committed: 685.
num_space_uncommitted: 0.
num_chunks_returned_to_freelist: 6.
num_chunks_taken_from_freelist: 2039.
num_chunk_merges: 6.
num_chunk_splits: 1412.
num_chunks_enlarged: 1059.
num_purges: 0.
num_inconsistent_stats: 0.

CodeCache: size=49152Kb used=10794Kb max_used=10794Kb free=38358Kb
 bounds [0x0000021ea1d60000, 0x0000021ea27f0000, 0x0000021ea4d60000]
 total_blobs=5259 nmethods=4667 adapters=515
 compilation: enabled
              stopped_count=0, restarted_count=0
 full_count=0

Compilation events (20 events):
Event: 5.131 Thread 0x0000021ebb1fb200 nmethod 4599 0x0000021ea27c4110 code [0x0000021ea27c42c0, 0x0000021ea27c44f8]
Event: 5.133 Thread 0x0000021ebd20a3d0 nmethod 4594 0x0000021ea27c4710 code [0x0000021ea27c4fc0, 0x0000021ea27c7c88]
Event: 5.144 Thread 0x0000021ebb1fb200 4600       1       java.security.CodeSource::matchCerts (254 bytes)
Event: 5.144 Thread 0x0000021ebb1fb200 nmethod 4600 0x0000021ea27c9810 code [0x0000021ea27c9a20, 0x0000021ea27c9f78]
Event: 5.160 Thread 0x0000021ebb1fb200 4602       1       java.util.regex.Pattern$1MatcherIterator::hasNext (227 bytes)
Event: 5.161 Thread 0x0000021ebb1fb200 nmethod 4602 0x0000021ea27ca690 code [0x0000021ea27ca920, 0x0000021ea27cb0b8]
Event: 5.179 Thread 0x0000021ebb1fb200 4603       1       java.nio.DirectByteBuffer::attachment (5 bytes)
Event: 5.179 Thread 0x0000021ebb1fb200 nmethod 4603 0x0000021ea27cb710 code [0x0000021ea27cb8a0, 0x0000021ea27cb978]
Event: 5.187 Thread 0x0000021eba8f6010 4604       1       java.lang.reflect.ProxyGenerator::generateClassFile (281 bytes)
Event: 5.188 Thread 0x0000021eba8f6010 nmethod 4604 0x0000021ea27cbd90 code [0x0000021ea27cc140, 0x0000021ea27ccd28]
Event: 5.198 Thread 0x0000021eba8f6010 4605       1       java.lang.reflect.Field::getType (5 bytes)
Event: 5.198 Thread 0x0000021eba8f6010 nmethod 4605 0x0000021ea27cd890 code [0x0000021ea27cda20, 0x0000021ea27cdaf8]
Event: 5.199 Thread 0x0000021eba8f6010 4606       1       java.lang.reflect.Field::getRoot (5 bytes)
Event: 5.199 Thread 0x0000021ebd20a3d0 4607       1       java.lang.reflect.Field::setFieldAccessor (34 bytes)
Event: 5.199 Thread 0x0000021eba8f6010 nmethod 4606 0x0000021ea27cdb90 code [0x0000021ea27cdd20, 0x0000021ea27cddf8]
Event: 5.199 Thread 0x0000021ebd20a3d0 nmethod 4607 0x0000021ea27cde90 code [0x0000021ea27ce040, 0x0000021ea27ce328]
Event: 5.208 Thread 0x0000021ebd20a3d0 4608       1       sun.util.locale.LocaleUtils::caseIgnoreMatch (73 bytes)
Event: 5.208 Thread 0x0000021eba8f6010 4609       1       sun.util.locale.BaseLocale$Key::equals (109 bytes)
Event: 5.208 Thread 0x0000021ebd20a3d0 nmethod 4608 0x0000021ea27ce410 code [0x0000021ea27ce620, 0x0000021ea27ceb78]
Event: 5.208 Thread 0x0000021eba8f6010 nmethod 4609 0x0000021ea27cf090 code [0x0000021ea27cf280, 0x0000021ea27cf758]

GC Heap History (16 events):
Event: 1.088 GC heap before
{Heap before GC invocations=0 (full 0):
 garbage-first heap   total 524288K, used 24576K [0x0000000601400000, 0x0000000800000000)
  region size 4096K, 6 young (24576K), 0 survivors (0K)
 Metaspace       used 5817K, committed 6016K, reserved 1056768K
  class space    used 694K, committed 768K, reserved 1048576K
}
Event: 1.096 GC heap after
{Heap after GC invocations=1 (full 0):
 garbage-first heap   total 524288K, used 7613K [0x0000000601400000, 0x0000000800000000)
  region size 4096K, 1 young (4096K), 1 survivors (4096K)
 Metaspace       used 5817K, committed 6016K, reserved 1056768K
  class space    used 694K, committed 768K, reserved 1048576K
}
Event: 1.472 GC heap before
{Heap before GC invocations=1 (full 0):
 garbage-first heap   total 524288K, used 28093K [0x0000000601400000, 0x0000000800000000)
  region size 4096K, 6 young (24576K), 1 survivors (4096K)
 Metaspace       used 10020K, committed 10368K, reserved 1064960K
  class space    used 1306K, committed 1472K, reserved 1048576K
}
Event: 1.475 GC heap after
{Heap after GC invocations=2 (full 0):
 garbage-first heap   total 524288K, used 9676K [0x0000000601400000, 0x0000000800000000)
  region size 4096K, 1 young (4096K), 1 survivors (4096K)
 Metaspace       used 10020K, committed 10368K, reserved 1064960K
  class space    used 1306K, committed 1472K, reserved 1048576K
}
Event: 2.441 GC heap before
{Heap before GC invocations=2 (full 0):
 garbage-first heap   total 524288K, used 87500K [0x0000000601400000, 0x0000000800000000)
  region size 4096K, 20 young (81920K), 1 survivors (4096K)
 Metaspace       used 20547K, committed 20864K, reserved 1073152K
  class space    used 2787K, committed 2944K, reserved 1048576K
}
Event: 2.445 GC heap after
{Heap after GC invocations=3 (full 0):
 garbage-first heap   total 524288K, used 15414K [0x0000000601400000, 0x0000000800000000)
  region size 4096K, 2 young (8192K), 2 survivors (8192K)
 Metaspace       used 20547K, committed 20864K, reserved 1073152K
  class space    used 2787K, committed 2944K, reserved 1048576K
}
Event: 2.594 GC heap before
{Heap before GC invocations=3 (full 0):
 garbage-first heap   total 524288K, used 23606K [0x0000000601400000, 0x0000000800000000)
  region size 4096K, 5 young (20480K), 2 survivors (8192K)
 Metaspace       used 21211K, committed 21504K, reserved 1073152K
  class space    used 2887K, committed 3072K, reserved 1048576K
}
Event: 2.597 GC heap after
{Heap after GC invocations=4 (full 0):
 garbage-first heap   total 524288K, used 15831K [0x0000000601400000, 0x0000000800000000)
  region size 4096K, 2 young (8192K), 2 survivors (8192K)
 Metaspace       used 21211K, committed 21504K, reserved 1073152K
  class space    used 2887K, committed 3072K, reserved 1048576K
}
Event: 3.361 GC heap before
{Heap before GC invocations=5 (full 0):
 garbage-first heap   total 69632K, used 48599K [0x0000000601400000, 0x0000000800000000)
  region size 4096K, 11 young (45056K), 2 survivors (8192K)
 Metaspace       used 25094K, committed 25472K, reserved 1073152K
  class space    used 3451K, committed 3648K, reserved 1048576K
}
Event: 3.367 GC heap after
{Heap after GC invocations=6 (full 0):
 garbage-first heap   total 69632K, used 17972K [0x0000000601400000, 0x0000000800000000)
  region size 4096K, 3 young (12288K), 3 survivors (12288K)
 Metaspace       used 25094K, committed 25472K, reserved 1073152K
  class space    used 3451K, committed 3648K, reserved 1048576K
}
Event: 3.904 GC heap before
{Heap before GC invocations=6 (full 0):
 garbage-first heap   total 69632K, used 46644K [0x0000000601400000, 0x0000000800000000)
  region size 4096K, 10 young (40960K), 3 survivors (12288K)
 Metaspace       used 29963K, committed 30400K, reserved 1081344K
  class space    used 4135K, committed 4352K, reserved 1048576K
}
Event: 3.913 GC heap after
{Heap after GC invocations=7 (full 0):
 garbage-first heap   total 69632K, used 20361K [0x0000000601400000, 0x0000000800000000)
  region size 4096K, 2 young (8192K), 2 survivors (8192K)
 Metaspace       used 29963K, committed 30400K, reserved 1081344K
  class space    used 4135K, committed 4352K, reserved 1048576K
}
Event: 4.369 GC heap before
{Heap before GC invocations=7 (full 0):
 garbage-first heap   total 69632K, used 44937K [0x0000000601400000, 0x0000000800000000)
  region size 4096K, 8 young (32768K), 2 survivors (8192K)
 Metaspace       used 33051K, committed 33472K, reserved 1081344K
  class space    used 4540K, committed 4736K, reserved 1048576K
}
Event: 4.378 GC heap after
{Heap after GC invocations=8 (full 0):
 garbage-first heap   total 69632K, used 21520K [0x0000000601400000, 0x0000000800000000)
  region size 4096K, 1 young (4096K), 1 survivors (4096K)
 Metaspace       used 33051K, committed 33472K, reserved 1081344K
  class space    used 4540K, committed 4736K, reserved 1048576K
}
Event: 4.679 GC heap before
{Heap before GC invocations=8 (full 0):
 garbage-first heap   total 69632K, used 33808K [0x0000000601400000, 0x0000000800000000)
  region size 4096K, 5 young (20480K), 1 survivors (4096K)
 Metaspace       used 35722K, committed 36096K, reserved 1081344K
  class space    used 4954K, committed 5120K, reserved 1048576K
}
Event: 4.686 GC heap after
{Heap after GC invocations=9 (full 0):
 garbage-first heap   total 69632K, used 21663K [0x0000000601400000, 0x0000000800000000)
  region size 4096K, 1 young (4096K), 1 survivors (4096K)
 Metaspace       used 35722K, committed 36096K, reserved 1081344K
  class space    used 4954K, committed 5120K, reserved 1048576K
}

Deoptimization events (20 events):
Event: 5.166 Thread 0x0000021e98aa4750 DEOPT PACKING pc=0x0000021ea20f8c5c sp=0x00000080a27f9280
Event: 5.166 Thread 0x0000021e98aa4750 DEOPT UNPACKING pc=0x0000021ea1db2b43 sp=0x00000080a27f8770 mode 1
Event: 5.166 Thread 0x0000021e98aa4750 DEOPT PACKING pc=0x0000021ea2157964 sp=0x00000080a27f87c0
Event: 5.166 Thread 0x0000021e98aa4750 DEOPT UNPACKING pc=0x0000021ea1db2b43 sp=0x00000080a27f7c58 mode 1
Event: 5.166 Thread 0x0000021e98aa4750 DEOPT PACKING pc=0x0000021ea2156bfc sp=0x00000080a27f8890
Event: 5.166 Thread 0x0000021e98aa4750 DEOPT UNPACKING pc=0x0000021ea1db2b43 sp=0x00000080a27f7d48 mode 1
Event: 5.166 Thread 0x0000021e98aa4750 DEOPT PACKING pc=0x0000021ea20f8c5c sp=0x00000080a27f9280
Event: 5.166 Thread 0x0000021e98aa4750 DEOPT UNPACKING pc=0x0000021ea1db2b43 sp=0x00000080a27f8770 mode 1
Event: 5.197 Thread 0x0000021e98aa4750 DEOPT PACKING pc=0x0000021ea2157964 sp=0x00000080a27f86d0
Event: 5.197 Thread 0x0000021e98aa4750 DEOPT UNPACKING pc=0x0000021ea1db2b43 sp=0x00000080a27f7b68 mode 1
Event: 5.197 Thread 0x0000021e98aa4750 DEOPT PACKING pc=0x0000021ea2156bfc sp=0x00000080a27f87a0
Event: 5.197 Thread 0x0000021e98aa4750 DEOPT UNPACKING pc=0x0000021ea1db2b43 sp=0x00000080a27f7c58 mode 1
Event: 5.197 Thread 0x0000021e98aa4750 DEOPT PACKING pc=0x0000021ea20f8c5c sp=0x00000080a27f9190
Event: 5.197 Thread 0x0000021e98aa4750 DEOPT UNPACKING pc=0x0000021ea1db2b43 sp=0x00000080a27f8680 mode 1
Event: 5.197 Thread 0x0000021e98aa4750 DEOPT PACKING pc=0x0000021ea2157964 sp=0x00000080a27f86d0
Event: 5.197 Thread 0x0000021e98aa4750 DEOPT UNPACKING pc=0x0000021ea1db2b43 sp=0x00000080a27f7b68 mode 1
Event: 5.197 Thread 0x0000021e98aa4750 DEOPT PACKING pc=0x0000021ea2156bfc sp=0x00000080a27f87a0
Event: 5.197 Thread 0x0000021e98aa4750 DEOPT UNPACKING pc=0x0000021ea1db2b43 sp=0x00000080a27f7c58 mode 1
Event: 5.197 Thread 0x0000021e98aa4750 DEOPT PACKING pc=0x0000021ea20f8c5c sp=0x00000080a27f9190
Event: 5.197 Thread 0x0000021e98aa4750 DEOPT UNPACKING pc=0x0000021ea1db2b43 sp=0x00000080a27f8680 mode 1

Classes unloaded (0 events):
No events

Classes redefined (0 events):
No events

Internal exceptions (20 events):
Event: 3.760 Thread 0x0000021e98aa4750 Exception <a 'java/lang/IncompatibleClassChangeError'{0x0000000604647c78}: Found class java.lang.Object, but interface was expected> (0x0000000604647c78) 
thrown [e:\jenkins\tmp\workspace\build\src\src\hotspot\share\interpreter\linkResolver.cpp, line 833]
Event: 3.761 Thread 0x0000021e98aa4750 Exception <a 'java/lang/NoSuchMethodError'{0x0000000604660ce8}: 'void java.lang.invoke.DirectMethodHandle$Holder.invokeStatic(java.lang.Object, int, java.lang.Object)'> (0x0000000604660ce8) 
thrown [e:\jenkins\tmp\workspace\build\src\src\hotspot\share\interpreter\linkResolver.cpp, line 766]
Event: 3.765 Thread 0x0000021e98aa4750 Exception <a 'java/lang/NoSuchMethodError'{0x0000000604699b80}: 'void java.lang.invoke.DirectMethodHandle$Holder.invokeVirtual(java.lang.Object, java.lang.Object, int)'> (0x0000000604699b80) 
thrown [e:\jenkins\tmp\workspace\build\src\src\hotspot\share\interpreter\linkResolver.cpp, line 766]
Event: 3.765 Thread 0x0000021e98aa4750 Exception <a 'java/lang/NoSuchMethodError'{0x000000060469fdc8}: 'void java.lang.invoke.DirectMethodHandle$Holder.invokeStatic(java.lang.Object, java.lang.Object, java.lang.Object, int, java.lang.Object)'> (0x000000060469fdc8) 
thrown [e:\jenkins\tmp\workspace\build\src\src\hotspot\share\interpreter\linkResolver.cpp, line 766]
Event: 3.766 Thread 0x0000021e98aa4750 Exception <a 'java/lang/NoSuchMethodError'{0x00000006046a72e8}: 'java.lang.Object java.lang.invoke.DirectMethodHandle$Holder.newInvokeSpecial(java.lang.Object, java.lang.Object, java.lang.Object, int)'> (0x00000006046a72e8) 
thrown [e:\jenkins\tmp\workspace\build\src\src\hotspot\share\interpreter\linkResolver.cpp, line 766]
Event: 3.766 Thread 0x0000021e98aa4750 Exception <a 'java/lang/NoSuchMethodError'{0x00000006046ab5d0}: 'java.lang.Object java.lang.invoke.DirectMethodHandle$Holder.invokeSpecial(java.lang.Object, java.lang.Object, java.lang.Object, java.lang.Object, int)'> (0x00000006046ab5d0) 
thrown [e:\jenkins\tmp\workspace\build\src\src\hotspot\share\interpreter\linkResolver.cpp, line 766]
Event: 3.766 Thread 0x0000021e98aa4750 Exception <a 'java/lang/NoSuchMethodError'{0x00000006046af198}: 'java.lang.Object java.lang.invoke.Invokers$Holder.linkToTargetMethod(java.lang.Object, java.lang.Object, int, java.lang.Object)'> (0x00000006046af198) 
thrown [e:\jenkins\tmp\workspace\build\src\src\hotspot\share\interpreter\linkResolver.cpp, line 766]
Event: 3.916 Thread 0x0000021ebc7dc500 Exception <a 'java/lang/reflect/InvocationTargetException'{0x000000062108b488}> (0x000000062108b488) 
thrown [e:\jenkins\tmp\workspace\build\src\src\hotspot\share\runtime\reflection.cpp, line 1121]
Event: 3.933 Thread 0x0000021e98aa4750 Exception <a 'java/lang/NoSuchMethodError'{0x000000062114eeb8}: 'java.lang.Object java.lang.invoke.DirectMethodHandle$Holder.invokeSpecial(java.lang.Object, java.lang.Object, long, java.lang.Object, java.lang.Object, java.lang.Object, java.lang.Object, java.lang.Object, java.lang.Object)'> (0x000000062114eeb8) 
thrown [e:\jenkins\tmp\workspace\build\src\src\hotspot\share\interpreter\linkResolver.cpp, line 766]
Event: 3.933 Thread 0x0000021e98aa4750 Exception <a 'java/lang/NoSuchMethodError'{0x00000006211539e0}: 'java.lang.Object java.lang.invoke.DelegatingMethodHandle$Holder.reinvoke_L(java.lang.Object, long, java.lang.Object, java.lang.Object, java.lang.Object, java.lang.Object, java.lang.Object, java.lang.Object)'> (0x00000006211539e0) 
thrown [e:\jenkins\tmp\workspace\build\src\src\hotspot\share\interpreter\linkResolver.cpp, line 766]
Event: 3.968 Thread 0x0000021e98aa4750 Exception <a 'java/io/FileNotFoundException'{0x00000006212bdbe0}> (0x00000006212bdbe0) 
thrown [e:\jenkins\tmp\workspace\build\src\src\hotspot\share\prims\jni.cpp, line 516]
Event: 4.006 Thread 0x0000021e98aa4750 Exception <a 'java/lang/NoSuchMethodError'{0x0000000620538db0}: 'int java.lang.invoke.DirectMethodHandle$Holder.invokeInterface(java.lang.Object, java.lang.Object, java.lang.Object, java.lang.Object)'> (0x0000000620538db0) 
thrown [e:\jenkins\tmp\workspace\build\src\src\hotspot\share\interpreter\linkResolver.cpp, line 766]
Event: 4.037 Thread 0x0000021e98aa4750 Exception <a 'java/lang/NoSuchMethodError'{0x0000000620696b48}: 'java.lang.Object java.lang.invoke.DirectMethodHandle$Holder.invokeInterface(java.lang.Object, java.lang.Object, java.lang.Object, java.lang.Object)'> (0x0000000620696b48) 
thrown [e:\jenkins\tmp\workspace\build\src\src\hotspot\share\interpreter\linkResolver.cpp, line 766]
Event: 4.155 Thread 0x0000021e98aa4750 Exception <a 'sun/nio/fs/WindowsException'{0x00000006049ac9b8}> (0x00000006049ac9b8) 
thrown [e:\jenkins\tmp\workspace\build\src\src\hotspot\share\prims\jni.cpp, line 516]
Event: 4.425 Thread 0x0000021ebc7dc500 Exception <a 'java/lang/reflect/InvocationTargetException'{0x00000006212bb6a8}> (0x00000006212bb6a8) 
thrown [e:\jenkins\tmp\workspace\build\src\src\hotspot\share\runtime\reflection.cpp, line 1121]
Event: 4.754 Thread 0x0000021e98aa4750 Exception <a 'java/lang/NoSuchMethodError'{0x00000006213f8a00}: 'int java.lang.invoke.DirectMethodHandle$Holder.invokeStatic(java.lang.Object)'> (0x00000006213f8a00) 
thrown [e:\jenkins\tmp\workspace\build\src\src\hotspot\share\interpreter\linkResolver.cpp, line 766]
Event: 4.882 Thread 0x0000021e98aa4750 Exception <a 'sun/nio/fs/WindowsException'{0x00000006048b4cd0}> (0x00000006048b4cd0) 
thrown [e:\jenkins\tmp\workspace\build\src\src\hotspot\share\prims\jni.cpp, line 516]
Event: 4.893 Thread 0x0000021e98aa4750 Exception <a 'java/lang/NoSuchMethodError'{0x00000006048f51e8}: 'int java.lang.invoke.DirectMethodHandle$Holder.invokeStaticInit(java.lang.Object, java.lang.Object, java.lang.Object, java.lang.Object)'> (0x00000006048f51e8) 
thrown [e:\jenkins\tmp\workspace\build\src\src\hotspot\share\interpreter\linkResolver.cpp, line 766]
Event: 4.939 Thread 0x0000021ebc7dc500 Exception <a 'java/lang/reflect/InvocationTargetException'{0x0000000604b35c98}> (0x0000000604b35c98) 
thrown [e:\jenkins\tmp\workspace\build\src\src\hotspot\share\runtime\reflection.cpp, line 1121]
Event: 5.187 Thread 0x0000021e98aa4750 Exception <a 'java/lang/NoSuchMethodError'{0x000000060388af80}: 'java.lang.Object java.lang.invoke.DirectMethodHandle$Holder.invokeStaticInit(java.lang.Object, java.lang.Object, java.lang.Object, java.lang.Object)'> (0x000000060388af80) 
thrown [e:\jenkins\tmp\workspace\build\src\src\hotspot\share\interpreter\linkResolver.cpp, line 766]

VM Operations (20 events):
Event: 4.091 Executing VM operation: HandshakeAllThreads
Event: 4.091 Executing VM operation: HandshakeAllThreads done
Event: 4.368 Executing VM operation: G1CollectForAllocation
Event: 4.378 Executing VM operation: G1CollectForAllocation done
Event: 4.378 Executing VM operation: Cleanup
Event: 4.379 Executing VM operation: Cleanup done
Event: 4.678 Executing VM operation: CollectForMetadataAllocation
Event: 4.686 Executing VM operation: CollectForMetadataAllocation done
Event: 4.687 Executing VM operation: Cleanup
Event: 4.687 Executing VM operation: Cleanup done
Event: 4.704 Executing VM operation: G1Concurrent
Event: 4.707 Executing VM operation: G1Concurrent done
Event: 4.714 Executing VM operation: G1Concurrent
Event: 4.714 Executing VM operation: G1Concurrent done
Event: 4.884 Executing VM operation: HandshakeAllThreads
Event: 4.884 Executing VM operation: HandshakeAllThreads done
Event: 4.889 Executing VM operation: HandshakeAllThreads
Event: 4.889 Executing VM operation: HandshakeAllThreads done
Event: 5.041 Executing VM operation: HandshakeAllThreads
Event: 5.041 Executing VM operation: HandshakeAllThreads done

Events (20 events):
Event: 5.202 loading class org/hibernate/dialect/NationalizationSupport
Event: 5.202 loading class org/hibernate/dialect/NationalizationSupport done
Event: 5.202 loading class org/hibernate/type/descriptor/jdbc/NCharJdbcType
Event: 5.202 loading class org/hibernate/type/descriptor/jdbc/NCharJdbcType done
Event: 5.203 loading class org/hibernate/type/descriptor/jdbc/NVarcharJdbcType
Event: 5.203 loading class org/hibernate/type/descriptor/jdbc/NVarcharJdbcType done
Event: 5.203 loading class org/hibernate/type/descriptor/jdbc/LongNVarcharJdbcType
Event: 5.203 loading class org/hibernate/type/descriptor/jdbc/LongNVarcharJdbcType done
Event: 5.204 loading class org/hibernate/type/descriptor/jdbc/NClobJdbcType
Event: 5.204 loading class org/hibernate/type/descriptor/jdbc/NClobJdbcType done
Event: 5.204 loading class org/hibernate/type/descriptor/jdbc/NClobJdbcType$2
Event: 5.204 loading class org/hibernate/type/descriptor/jdbc/NClobJdbcType$2 done
Event: 5.204 loading class org/hibernate/type/descriptor/jdbc/NClobJdbcType$3
Event: 5.204 loading class org/hibernate/type/descriptor/jdbc/NClobJdbcType$3 done
Event: 5.206 loading class org/hibernate/type/descriptor/jdbc/NClobJdbcType$4
Event: 5.206 loading class org/hibernate/type/descriptor/jdbc/NClobJdbcType$4 done
Event: 5.207 loading class org/hibernate/type/descriptor/jdbc/NClobJdbcType$5
Event: 5.207 loading class org/hibernate/type/descriptor/jdbc/NClobJdbcType$5 done
Event: 5.207 loading class org/hibernate/type/descriptor/jdbc/TimestampUtcAsJdbcTimestampJdbcType
Event: 5.207 loading class org/hibernate/type/descriptor/jdbc/TimestampUtcAsJdbcTimestampJdbcType done


Dynamic libraries:
0x00007ff7fd910000 - 0x00007ff7fd91e000 	C:\Program Files\Eclipse Adoptium\jdk-17.0.3.7-hotspot\bin\java.exe
0x00007ffad1650000 - 0x00007ffad1848000 	C:\WINDOWS\SYSTEM32\ntdll.dll
0x00007ffacfc00000 - 0x00007ffacfcc2000 	C:\WINDOWS\System32\KERNEL32.DLL
0x00007ffacee50000 - 0x00007ffacf14f000 	C:\WINDOWS\System32\KERNELBASE.dll
0x00007ffaced50000 - 0x00007ffacee50000 	C:\WINDOWS\System32\ucrtbase.dll
0x00007ffa958f0000 - 0x00007ffa95909000 	C:\Program Files\Eclipse Adoptium\jdk-17.0.3.7-hotspot\bin\VCRUNTIME140.dll
0x00007ffa99ba0000 - 0x00007ffa99bb8000 	C:\Program Files\Eclipse Adoptium\jdk-17.0.3.7-hotspot\bin\jli.dll
0x00007ffad12a0000 - 0x00007ffad143d000 	C:\WINDOWS\System32\USER32.dll
0x00007ffacf250000 - 0x00007ffacf272000 	C:\WINDOWS\System32\win32u.dll
0x00007ffacf6d0000 - 0x00007ffacf6fb000 	C:\WINDOWS\System32\GDI32.dll
0x00007fface0a0000 - 0x00007fface33a000 	C:\WINDOWS\WinSxS\amd64_microsoft.windows.common-controls_6595b64144ccf1df_6.0.19041.4355_none_60b8b9eb71f62e16\COMCTL32.dll
0x00007ffacf510000 - 0x00007ffacf627000 	C:\WINDOWS\System32\gdi32full.dll
0x00007ffacf3e0000 - 0x00007ffacf47d000 	C:\WINDOWS\System32\msvcp_win.dll
0x00007ffacf700000 - 0x00007ffacf79e000 	C:\WINDOWS\System32\msvcrt.dll
0x00007ffad1000000 - 0x00007ffad102f000 	C:\WINDOWS\System32\IMM32.DLL
0x00007ffaabba0000 - 0x00007ffaabbac000 	C:\Program Files\Eclipse Adoptium\jdk-17.0.3.7-hotspot\bin\vcruntime140_1.dll
0x00007ffa4bd70000 - 0x00007ffa4be01000 	C:\Program Files\Eclipse Adoptium\jdk-17.0.3.7-hotspot\bin\msvcp140.dll
0x00007ff9f6a10000 - 0x00007ff9f7658000 	C:\Program Files\Eclipse Adoptium\jdk-17.0.3.7-hotspot\bin\server\jvm.dll
0x00007ffad11e0000 - 0x00007ffad1291000 	C:\WINDOWS\System32\ADVAPI32.dll
0x00007ffacfb40000 - 0x00007ffacfbdf000 	C:\WINDOWS\System32\sechost.dll
0x00007ffacfe00000 - 0x00007ffacff23000 	C:\WINDOWS\System32\RPCRT4.dll
0x00007ffacf630000 - 0x00007ffacf657000 	C:\WINDOWS\System32\bcrypt.dll
0x00007ffad1520000 - 0x00007ffad1528000 	C:\WINDOWS\System32\PSAPI.DLL
0x00007ffaaba30000 - 0x00007ffaaba39000 	C:\WINDOWS\SYSTEM32\WSOCK32.dll
0x00007ffacb620000 - 0x00007ffacb62a000 	C:\WINDOWS\SYSTEM32\VERSION.dll
0x00007ffad07b0000 - 0x00007ffad081b000 	C:\WINDOWS\System32\WS2_32.dll
0x00007ffab93d0000 - 0x00007ffab93f7000 	C:\WINDOWS\SYSTEM32\WINMM.dll
0x00007ffacbc50000 - 0x00007ffacbc62000 	C:\WINDOWS\SYSTEM32\kernel.appcore.dll
0x00007ffaabb70000 - 0x00007ffaabb7a000 	C:\Program Files\Eclipse Adoptium\jdk-17.0.3.7-hotspot\bin\jimage.dll
0x00007fface6e0000 - 0x00007fface8c4000 	C:\WINDOWS\SYSTEM32\DBGHELP.DLL
0x00007fface620000 - 0x00007fface654000 	C:\WINDOWS\SYSTEM32\dbgcore.DLL
0x00007ffacf480000 - 0x00007ffacf502000 	C:\WINDOWS\System32\bcryptPrimitives.dll
0x00007ffa99c10000 - 0x00007ffa99c4b000 	C:\Program Files\Eclipse Adoptium\jdk-17.0.3.7-hotspot\bin\jdwp.dll
0x00007ffac2980000 - 0x00007ffac298e000 	C:\Program Files\Eclipse Adoptium\jdk-17.0.3.7-hotspot\bin\instrument.dll
0x00007ffa5eb00000 - 0x00007ffa5eb25000 	C:\Program Files\Eclipse Adoptium\jdk-17.0.3.7-hotspot\bin\java.dll
0x00007ffa8a9d0000 - 0x00007ffa8a9e8000 	C:\Program Files\Eclipse Adoptium\jdk-17.0.3.7-hotspot\bin\zip.dll
0x00007ff9fc850000 - 0x00007ff9fc926000 	C:\Program Files\Eclipse Adoptium\jdk-17.0.3.7-hotspot\bin\jsvml.dll
0x00007ffacffe0000 - 0x00007ffad074e000 	C:\WINDOWS\System32\SHELL32.dll
0x00007ffacbf70000 - 0x00007ffacc714000 	C:\WINDOWS\SYSTEM32\windows.storage.dll
0x00007ffad0820000 - 0x00007ffad0b75000 	C:\WINDOWS\System32\combase.dll
0x00007ffacdf50000 - 0x00007ffacdf7f000 	C:\WINDOWS\SYSTEM32\Wldp.dll
0x00007ffacfcd0000 - 0x00007ffacfd9d000 	C:\WINDOWS\System32\OLEAUT32.dll
0x00007ffacff30000 - 0x00007ffacffdd000 	C:\WINDOWS\System32\SHCORE.dll
0x00007ffad0750000 - 0x00007ffad07a5000 	C:\WINDOWS\System32\shlwapi.dll
0x00007ffacec10000 - 0x00007ffacec34000 	C:\WINDOWS\SYSTEM32\profapi.dll
0x00007ffaae7c0000 - 0x00007ffaae7cc000 	C:\Program Files\Eclipse Adoptium\jdk-17.0.3.7-hotspot\bin\dt_socket.dll
0x00007ffacda10000 - 0x00007ffacda4b000 	C:\WINDOWS\SYSTEM32\IPHLPAPI.DLL
0x00007ffacdcf0000 - 0x00007ffacdd5a000 	C:\WINDOWS\system32\mswsock.dll
0x00007ffa8f530000 - 0x00007ffa8f549000 	C:\Program Files\Eclipse Adoptium\jdk-17.0.3.7-hotspot\bin\net.dll
0x00007ffac59a0000 - 0x00007ffac5aad000 	C:\WINDOWS\SYSTEM32\WINHTTP.dll
0x00007ffa8af90000 - 0x00007ffa8afa5000 	C:\Program Files\Eclipse Adoptium\jdk-17.0.3.7-hotspot\bin\nio.dll
0x00007ffacda50000 - 0x00007ffacdb1a000 	C:\WINDOWS\SYSTEM32\DNSAPI.dll
0x00007ffacf6c0000 - 0x00007ffacf6c8000 	C:\WINDOWS\System32\NSI.dll
0x00000000554c0000 - 0x00000000554e6000 	C:\Program Files\Bonjour\mdnsNSP.dll
0x00007ffac6840000 - 0x00007ffac684a000 	C:\Windows\System32\rasadhlp.dll
0x00007ffac22d0000 - 0x00007ffac2350000 	C:\WINDOWS\System32\fwpuclnt.dll
0x00007ffab9880000 - 0x00007ffab9889000 	C:\Program Files\Eclipse Adoptium\jdk-17.0.3.7-hotspot\bin\management.dll
0x00007ffab2240000 - 0x00007ffab224b000 	C:\Program Files\Eclipse Adoptium\jdk-17.0.3.7-hotspot\bin\management_ext.dll
0x00007ffacea50000 - 0x00007ffacea68000 	C:\WINDOWS\SYSTEM32\CRYPTSP.dll
0x00007ffacd6a0000 - 0x00007ffacd6d4000 	C:\WINDOWS\system32\rsaenh.dll
0x00007ffaceb90000 - 0x00007ffacebbe000 	C:\WINDOWS\SYSTEM32\USERENV.dll
0x00007ffacdfa0000 - 0x00007ffacdfac000 	C:\WINDOWS\SYSTEM32\CRYPTBASE.dll
0x00007ffac64b0000 - 0x00007ffac64c7000 	C:\WINDOWS\SYSTEM32\dhcpcsvc6.DLL
0x00007ffac6af0000 - 0x00007ffac6b0d000 	C:\WINDOWS\SYSTEM32\dhcpcsvc.DLL
0x00007ffaa7160000 - 0x00007ffaa7177000 	C:\WINDOWS\system32\napinsp.dll
0x00007ffaa71c0000 - 0x00007ffaa71db000 	C:\WINDOWS\system32\pnrpnsp.dll
0x00007ffaca6d0000 - 0x00007ffaca6e5000 	C:\WINDOWS\system32\wshbth.dll
0x00007ffac8b80000 - 0x00007ffac8b9d000 	C:\WINDOWS\system32\NLAapi.dll
0x00007ffaa71a0000 - 0x00007ffaa71b2000 	C:\WINDOWS\System32\winrnr.dll
0x00007ffab00c0000 - 0x00007ffab00ce000 	C:\Program Files\Eclipse Adoptium\jdk-17.0.3.7-hotspot\bin\sunmscapi.dll
0x00007ffacf280000 - 0x00007ffacf3dc000 	C:\WINDOWS\System32\CRYPT32.dll
0x00007fface070000 - 0x00007fface097000 	C:\WINDOWS\SYSTEM32\ncrypt.dll
0x00007fface030000 - 0x00007fface06b000 	C:\WINDOWS\SYSTEM32\NTASN1.dll

dbghelp: loaded successfully - version: 4.0.5 - missing functions: none
symbol engine: initialized successfully - sym options: 0x614 - pdb path: .;C:\Program Files\Eclipse Adoptium\jdk-17.0.3.7-hotspot\bin;C:\WINDOWS\SYSTEM32;C:\WINDOWS\WinSxS\amd64_microsoft.windows.common-controls_6595b64144ccf1df_6.0.19041.4355_none_60b8b9eb71f62e16;C:\Program Files\Eclipse Adoptium\jdk-17.0.3.7-hotspot\bin\server;C:\Program Files\Bonjour

VM Arguments:
jvm_args: -agentlib:jdwp=transport=dt_socket,address=127.0.0.1:54828,suspend=y,server=n -XX:TieredStopAtLevel=1 -Xverify:none -Dspring.output.ansi.enabled=always -Dcom.sun.management.jmxremote -Dspring.jmx.enabled=true -Dspring.liveBeansView.mbeanDomain -Dspring.application.admin.enabled=true -javaagent:C:\Users\shirl\AppData\Local\JetBrains\IntelliJIdea2022.1\captureAgent\debugger-agent.jar -Dfile.encoding=UTF-8 
java_command: com.openclassroom.chatop.ChatopApplication
java_class_path (initial): C:\chatop\target\classes;C:\Users\shirl\.m2\repository\org\springframework\boot\spring-boot-starter-oauth2-client\3.2.5\spring-boot-starter-oauth2-client-3.2.5.jar;C:\Users\shirl\.m2\repository\org\springframework\boot\spring-boot-starter\3.2.5\spring-boot-starter-3.2.5.jar;C:\Users\shirl\.m2\repository\org\springframework\boot\spring-boot\3.2.5\spring-boot-3.2.5.jar;C:\Users\shirl\.m2\repository\org\springframework\boot\spring-boot-autoconfigure\3.2.5\spring-boot-autoconfigure-3.2.5.jar;C:\Users\shirl\.m2\repository\org\springframework\boot\spring-boot-starter-logging\3.2.5\spring-boot-starter-logging-3.2.5.jar;C:\Users\shirl\.m2\repository\ch\qos\logback\logback-classic\1.4.14\logback-classic-1.4.14.jar;C:\Users\shirl\.m2\repository\ch\qos\logback\logback-core\1.4.14\logback-core-1.4.14.jar;C:\Users\shirl\.m2\repository\org\apache\logging\log4j\log4j-to-slf4j\2.21.1\log4j-to-slf4j-2.21.1.jar;C:\Users\shirl\.m2\repository\org\apache\logging\log4j\log4j-api\2.21.1\log4j-api-2.21.1.jar;C:\Users\shirl\.m2\repository\org\slf4j\jul-to-slf4j\2.0.13\jul-to-slf4j-2.0.13.jar;C:\Users\shirl\.m2\repository\jakarta\annotation\jakarta.annotation-api\2.1.1\jakarta.annotation-api-2.1.1.jar;C:\Users\shirl\.m2\repository\org\yaml\snakeyaml\2.2\snakeyaml-2.2.jar;C:\Users\shirl\.m2\repository\org\springframework\security\spring-security-core\6.2.4\spring-security-core-6.2.4.jar;C:\Users\shirl\.m2\repository\org\springframework\security\spring-security-crypto\6.2.4\spring-security-crypto-6.2.4.jar;C:\Users\shirl\.m2\repository\io\micrometer\micrometer-observation\1.12.5\micrometer-observation-1.12.5.jar;C:\Users\shirl\.m2\repository\io\micrometer\micrometer-commons\1.12.5\micrometer-commons-1.12.5.jar;C:\Users\shirl\.m2\repository\org\springframework\security\spring-security-oauth2-client\6.2.4\spring-security-oauth2-client-6.2.4.jar;C:\Users\shirl\.m2\repository\org\springframework\security\spring-security-oauth2-core\6.2.4\spring-security-oauth2-core-6.2
Launcher Type: SUN_STANDARD

[Global flags]
     intx CICompilerCount                          = 4                                         {product} {ergonomic}
     uint ConcGCThreads                            = 2                                         {product} {ergonomic}
     uint G1ConcRefinementThreads                  = 8                                         {product} {ergonomic}
   size_t G1HeapRegionSize                         = 4194304                                   {product} {ergonomic}
    uintx GCDrainStackTargetSize                   = 64                                        {product} {ergonomic}
   size_t InitialHeapSize                          = 536870912                                 {product} {ergonomic}
     bool ManagementServer                         = true                                      {product} {command line}
   size_t MarkStackSize                            = 4194304                                   {product} {ergonomic}
   size_t MaxHeapSize                              = 8568963072                                {product} {ergonomic}
   size_t MaxNewSize                               = 5138022400                                {product} {ergonomic}
   size_t MinHeapDeltaBytes                        = 4194304                                   {product} {ergonomic}
   size_t MinHeapSize                              = 8388608                                   {product} {ergonomic}
    uintx NonProfiledCodeHeapSize                  = 0                                      {pd product} {ergonomic}
     bool ProfileInterpreter                       = false                                  {pd product} {command line}
    uintx ProfiledCodeHeapSize                     = 0                                      {pd product} {ergonomic}
   size_t SoftMaxHeapSize                          = 8568963072                             {manageable} {ergonomic}
     intx TieredStopAtLevel                        = 1                                         {product} {command line}
     bool UseCompressedClassPointers               = true                           {product lp64_product} {ergonomic}
     bool UseCompressedOops                        = true                           {product lp64_product} {ergonomic}
     bool UseG1GC                                  = true                                      {product} {ergonomic}
     bool UseLargePagesIndividualAllocation        = false                                  {pd product} {ergonomic}

Logging:
Log output configuration:
 #0: stdout all=warning uptime,level,tags
 #1: stderr all=off uptime,level,tags

Environment Variables:
JAVA_HOME=C:\Program Files\Java\jdk-23\
PATH=C:\Users\shirl\OneDrive\Documents\Scripts\;C:\Users\shirl\OneDrive\Documents\;C:\Program Files\Oculus\Support\oculus-runtime;C:\Program Files (x86)\Razer\ChromaBroadcast\bin;C:\Program Files\Razer\ChromaBroadcast\bin;C:\Program Files (x86)\Razer Chroma SDK\bin;C:\Program Files\Razer Chroma SDK\bin;C:\Windows\system32;C:\Windows;C:\Windows\System32\Wbem;C:\Windows\System32\WindowsPowerShell\v1.0\;C:\Windows\System32\OpenSSH\;C:\Users\shirl\AppData\Local\Microsoft\WindowsApps;C:\Program Files\Intel\WiFi\bin\;C:\Program Files\Common Files\Intel\WirelessCommon\;C:\Program Files (x86)\NVIDIA Corporation\PhysX\Common;C:\Windows\system32\config\systemprofile\AppData\Local\Microsoft\WindowsApps;C:\Program Files\Microsoft Network Monitor 3\;C:\Program Files\Git\cmd;C:\WINDOWS\system32;C:\WINDOWS;C:\WINDOWS\System32\Wbem;C:\WINDOWS\System32\WindowsPowerShell\v1.0\;C:\WINDOWS\System32\OpenSSH\;C:\Program Files\NVIDIA Corporation\NVIDIA NvDLISR;C:\Program Files\apache-maven-3.8.6\bin;C:\Program Files\Docker\Docker\resources\bin;C:\Program Files\dotnet\;C:\Users\shirl\\Documents\Python\Python312\;C:\Users\shirl\AppData\Local\nvm;C:\nvm4w\nodejs;C:\Program Files\nodejs\;C:\Users\shirl\Documents\Python\Python312\Scripts\;C:\Users\shirl\\Documents\Python\Python312\;C:\Users\shirl\\Documents\Python\Launcher\;C:\Users\shirl\AppData\Local\Microsoft\WindowsApps;C:\Program Files\Intel\WiFi\bin\;C:\Program Files\Common Files\Intel\WirelessCommon\;C:\Users\shirl\AppData\Local\Programs\Microsoft VS Code\bin;C:\Program Files\apache-maven-3.8.6\bin;C:\Program Files\Java\jdk-23\bin;C:\Users\shirl\AppData\Local\nvm;C:\nvm4w\nodejs;C:\Users\shirl\AppData\Roaming\npm
USERNAME=shirl
OS=Windows_NT
PROCESSOR_IDENTIFIER=Intel64 Family 6 Model 158 Stepping 13, GenuineIntel



---------------  S Y S T E M  ---------------

OS:
 Windows 10 , 64 bit Build 19041 (10.0.19041.5198)
OS uptime: 2 days 23:53 hours
Hyper-V role detected

CPU: total 8 (initial active 8) (8 cores per cpu, 1 threads per core) family 6 model 158 stepping 13 microcode 0xb0, cx8, cmov, fxsr, mmx, 3dnowpref, sse, sse2, sse3, ssse3, sse4.1, sse4.2, popcnt, lzcnt, tsc, tscinvbit, avx, avx2, aes, erms, clmul, bmi1, bmi2, rtm, adx, fma, vzeroupper, clflush, clflushopt, hv

Memory: 4k page, system-wide physical 32687M (12377M free)
TotalPageFile size 37551M (AvailPageFile size 7844M)
current process WorkingSet (physical memory assigned to process): 184M, peak: 184M
current process commit charge ("private bytes"): 225M, peak: 651M

vm_info: OpenJDK 64-Bit Server VM (17.0.3+7) for windows-amd64 JRE (17.0.3+7), built on Apr 19 2022 16:55:35 by "" with MS VC++ 16.7 (VS2019)

END.
